2023-02-28 09:38:04,428 ERROR [main][_JULLoggerFactory.java:55] - DefaultObjectWrapper.incompatibleImprovements was set to the object returned by Configuration.getVersion(). That defeats the purpose of incompatibleImprovements, and makes upgrading FreeMarker a potentially breaking change. Also, this probably won't be allowed starting from 2.4.0. Instead, set incompatibleImprovements to the highest concrete version that's known to be compatible with your application.
2023-02-28 09:38:04,429 ERROR [main][_JULLoggerFactory.java:55] - Configuration.incompatibleImprovements was set to the object returned by Configuration.getVersion(). That defeats the purpose of incompatibleImprovements, and makes upgrading FreeMarker a potentially breaking change. Also, this probably won't be allowed starting from 2.4.0. Instead, set incompatibleImprovements to the highest concrete version that's known to be compatible with your application.
2023-02-28 09:38:05,166 ERROR [Thread-11][EmbedServer.java:93] - >>>>>>>>>>> xxl-job remoting server error.
java.net.BindException: Address already in use: bind
	at sun.nio.ch.Net.bind0(Native Method)
	at sun.nio.ch.Net.bind(Net.java:461)
	at sun.nio.ch.Net.bind(Net.java:453)
	at sun.nio.ch.ServerSocketChannelImpl.bind(ServerSocketChannelImpl.java:222)
	at io.netty.channel.socket.nio.NioServerSocketChannel.doBind(NioServerSocketChannel.java:134)
	at io.netty.channel.AbstractChannel$AbstractUnsafe.bind(AbstractChannel.java:550)
	at io.netty.channel.DefaultChannelPipeline$HeadContext.bind(DefaultChannelPipeline.java:1334)
	at io.netty.channel.AbstractChannelHandlerContext.invokeBind(AbstractChannelHandlerContext.java:506)
	at io.netty.channel.AbstractChannelHandlerContext.bind(AbstractChannelHandlerContext.java:491)
	at io.netty.channel.DefaultChannelPipeline.bind(DefaultChannelPipeline.java:973)
	at io.netty.channel.AbstractChannel.bind(AbstractChannel.java:248)
	at io.netty.bootstrap.AbstractBootstrap$2.run(AbstractBootstrap.java:356)
	at io.netty.util.concurrent.AbstractEventExecutor.safeExecute(AbstractEventExecutor.java:164)
	at io.netty.util.concurrent.SingleThreadEventExecutor.runAllTasks(SingleThreadEventExecutor.java:472)
	at io.netty.channel.nio.NioEventLoop.run(NioEventLoop.java:500)
	at io.netty.util.concurrent.SingleThreadEventExecutor$4.run(SingleThreadEventExecutor.java:989)
	at io.netty.util.internal.ThreadExecutorMap$2.run(ThreadExecutorMap.java:74)
	at io.netty.util.concurrent.FastThreadLocalRunnable.run(FastThreadLocalRunnable.java:30)
	at java.lang.Thread.run(Thread.java:750)
2023-02-28 09:39:26,640 ERROR [main][_JULLoggerFactory.java:55] - DefaultObjectWrapper.incompatibleImprovements was set to the object returned by Configuration.getVersion(). That defeats the purpose of incompatibleImprovements, and makes upgrading FreeMarker a potentially breaking change. Also, this probably won't be allowed starting from 2.4.0. Instead, set incompatibleImprovements to the highest concrete version that's known to be compatible with your application.
2023-02-28 09:39:26,641 ERROR [main][_JULLoggerFactory.java:55] - Configuration.incompatibleImprovements was set to the object returned by Configuration.getVersion(). That defeats the purpose of incompatibleImprovements, and makes upgrading FreeMarker a potentially breaking change. Also, this probably won't be allowed starting from 2.4.0. Instead, set incompatibleImprovements to the highest concrete version that's known to be compatible with your application.
2023-02-28 09:49:27,947 ERROR [main][_JULLoggerFactory.java:55] - DefaultObjectWrapper.incompatibleImprovements was set to the object returned by Configuration.getVersion(). That defeats the purpose of incompatibleImprovements, and makes upgrading FreeMarker a potentially breaking change. Also, this probably won't be allowed starting from 2.4.0. Instead, set incompatibleImprovements to the highest concrete version that's known to be compatible with your application.
2023-02-28 09:49:27,948 ERROR [main][_JULLoggerFactory.java:55] - Configuration.incompatibleImprovements was set to the object returned by Configuration.getVersion(). That defeats the purpose of incompatibleImprovements, and makes upgrading FreeMarker a potentially breaking change. Also, this probably won't be allowed starting from 2.4.0. Instead, set incompatibleImprovements to the highest concrete version that's known to be compatible with your application.
