2023-02-13 15:02:34,425 ERROR [xxl-job, executor ExecutorRegistryThread][XxlJobRemotingUtil.java:143] - Connection refused: connect
java.net.ConnectException: Connection refused: connect
	at java.net.DualStackPlainSocketImpl.waitForConnect(Native Method)
	at java.net.DualStackPlainSocketImpl.socketConnect(DualStackPlainSocketImpl.java:85)
	at java.net.AbstractPlainSocketImpl.doConnect(AbstractPlainSocketImpl.java:350)
	at java.net.AbstractPlainSocketImpl.connectToAddress(AbstractPlainSocketImpl.java:206)
	at java.net.AbstractPlainSocketImpl.connect(AbstractPlainSocketImpl.java:188)
	at java.net.PlainSocketImpl.connect(PlainSocketImpl.java:172)
	at java.net.SocksSocketImpl.connect(SocksSocketImpl.java:392)
	at java.net.Socket.connect(Socket.java:607)
	at sun.net.NetworkClient.doConnect(NetworkClient.java:175)
	at sun.net.www.http.HttpClient.openServer(HttpClient.java:463)
	at sun.net.www.http.HttpClient.openServer(HttpClient.java:558)
	at sun.net.www.http.HttpClient.<init>(HttpClient.java:242)
	at sun.net.www.http.HttpClient.New(HttpClient.java:339)
	at sun.net.www.http.HttpClient.New(HttpClient.java:371)
	at sun.net.www.protocol.http.HttpURLConnection.setNewClient(HttpURLConnection.java:776)
	at sun.net.www.protocol.http.HttpURLConnection.setNewClient(HttpURLConnection.java:764)
	at sun.net.www.protocol.http.HttpURLConnection.writeRequests(HttpURLConnection.java:706)
	at sun.net.www.protocol.http.HttpURLConnection.getInputStream0(HttpURLConnection.java:1593)
	at sun.net.www.protocol.http.HttpURLConnection.getInputStream(HttpURLConnection.java:1500)
	at java.net.HttpURLConnection.getResponseCode(HttpURLConnection.java:480)
	at com.xxl.job.core.util.XxlJobRemotingUtil.postBody(XxlJobRemotingUtil.java:119)
	at com.xxl.job.core.biz.client.AdminBizClient.registry(AdminBizClient.java:42)
	at com.xxl.job.core.thread.ExecutorRegistryThread$1.run(ExecutorRegistryThread.java:48)
	at java.lang.Thread.run(Thread.java:750)
2023-02-13 15:03:06,461 ERROR [xxl-job, executor ExecutorRegistryThread][XxlJobRemotingUtil.java:143] - Connection refused: connect
java.net.ConnectException: Connection refused: connect
	at java.net.DualStackPlainSocketImpl.waitForConnect(Native Method)
	at java.net.DualStackPlainSocketImpl.socketConnect(DualStackPlainSocketImpl.java:85)
	at java.net.AbstractPlainSocketImpl.doConnect(AbstractPlainSocketImpl.java:350)
	at java.net.AbstractPlainSocketImpl.connectToAddress(AbstractPlainSocketImpl.java:206)
	at java.net.AbstractPlainSocketImpl.connect(AbstractPlainSocketImpl.java:188)
	at java.net.PlainSocketImpl.connect(PlainSocketImpl.java:172)
	at java.net.SocksSocketImpl.connect(SocksSocketImpl.java:392)
	at java.net.Socket.connect(Socket.java:607)
	at sun.net.NetworkClient.doConnect(NetworkClient.java:175)
	at sun.net.www.http.HttpClient.openServer(HttpClient.java:463)
	at sun.net.www.http.HttpClient.openServer(HttpClient.java:558)
	at sun.net.www.http.HttpClient.<init>(HttpClient.java:242)
	at sun.net.www.http.HttpClient.New(HttpClient.java:339)
	at sun.net.www.http.HttpClient.New(HttpClient.java:357)
	at sun.net.www.protocol.http.HttpURLConnection.getNewHttpClient(HttpURLConnection.java:1228)
	at sun.net.www.protocol.http.HttpURLConnection.plainConnect0(HttpURLConnection.java:1162)
	at sun.net.www.protocol.http.HttpURLConnection.plainConnect(HttpURLConnection.java:1056)
	at sun.net.www.protocol.http.HttpURLConnection.connect(HttpURLConnection.java:990)
	at com.xxl.job.core.util.XxlJobRemotingUtil.postBody(XxlJobRemotingUtil.java:99)
	at com.xxl.job.core.biz.client.AdminBizClient.registry(AdminBizClient.java:42)
	at com.xxl.job.core.thread.ExecutorRegistryThread$1.run(ExecutorRegistryThread.java:48)
	at java.lang.Thread.run(Thread.java:750)
2023-02-13 15:03:38,499 ERROR [xxl-job, executor ExecutorRegistryThread][XxlJobRemotingUtil.java:143] - Connection refused: connect
java.net.ConnectException: Connection refused: connect
	at java.net.DualStackPlainSocketImpl.waitForConnect(Native Method)
	at java.net.DualStackPlainSocketImpl.socketConnect(DualStackPlainSocketImpl.java:85)
	at java.net.AbstractPlainSocketImpl.doConnect(AbstractPlainSocketImpl.java:350)
	at java.net.AbstractPlainSocketImpl.connectToAddress(AbstractPlainSocketImpl.java:206)
	at java.net.AbstractPlainSocketImpl.connect(AbstractPlainSocketImpl.java:188)
	at java.net.PlainSocketImpl.connect(PlainSocketImpl.java:172)
	at java.net.SocksSocketImpl.connect(SocksSocketImpl.java:392)
	at java.net.Socket.connect(Socket.java:607)
	at sun.net.NetworkClient.doConnect(NetworkClient.java:175)
	at sun.net.www.http.HttpClient.openServer(HttpClient.java:463)
	at sun.net.www.http.HttpClient.openServer(HttpClient.java:558)
	at sun.net.www.http.HttpClient.<init>(HttpClient.java:242)
	at sun.net.www.http.HttpClient.New(HttpClient.java:339)
	at sun.net.www.http.HttpClient.New(HttpClient.java:357)
	at sun.net.www.protocol.http.HttpURLConnection.getNewHttpClient(HttpURLConnection.java:1228)
	at sun.net.www.protocol.http.HttpURLConnection.plainConnect0(HttpURLConnection.java:1162)
	at sun.net.www.protocol.http.HttpURLConnection.plainConnect(HttpURLConnection.java:1056)
	at sun.net.www.protocol.http.HttpURLConnection.connect(HttpURLConnection.java:990)
	at com.xxl.job.core.util.XxlJobRemotingUtil.postBody(XxlJobRemotingUtil.java:99)
	at com.xxl.job.core.biz.client.AdminBizClient.registry(AdminBizClient.java:42)
	at com.xxl.job.core.thread.ExecutorRegistryThread$1.run(ExecutorRegistryThread.java:48)
	at java.lang.Thread.run(Thread.java:750)
2023-02-13 15:04:10,553 ERROR [xxl-job, executor ExecutorRegistryThread][XxlJobRemotingUtil.java:143] - Connection refused: connect
java.net.ConnectException: Connection refused: connect
	at java.net.DualStackPlainSocketImpl.waitForConnect(Native Method)
	at java.net.DualStackPlainSocketImpl.socketConnect(DualStackPlainSocketImpl.java:85)
	at java.net.AbstractPlainSocketImpl.doConnect(AbstractPlainSocketImpl.java:350)
	at java.net.AbstractPlainSocketImpl.connectToAddress(AbstractPlainSocketImpl.java:206)
	at java.net.AbstractPlainSocketImpl.connect(AbstractPlainSocketImpl.java:188)
	at java.net.PlainSocketImpl.connect(PlainSocketImpl.java:172)
	at java.net.SocksSocketImpl.connect(SocksSocketImpl.java:392)
	at java.net.Socket.connect(Socket.java:607)
	at sun.net.NetworkClient.doConnect(NetworkClient.java:175)
	at sun.net.www.http.HttpClient.openServer(HttpClient.java:463)
	at sun.net.www.http.HttpClient.openServer(HttpClient.java:558)
	at sun.net.www.http.HttpClient.<init>(HttpClient.java:242)
	at sun.net.www.http.HttpClient.New(HttpClient.java:339)
	at sun.net.www.http.HttpClient.New(HttpClient.java:357)
	at sun.net.www.protocol.http.HttpURLConnection.getNewHttpClient(HttpURLConnection.java:1228)
	at sun.net.www.protocol.http.HttpURLConnection.plainConnect0(HttpURLConnection.java:1162)
	at sun.net.www.protocol.http.HttpURLConnection.plainConnect(HttpURLConnection.java:1056)
	at sun.net.www.protocol.http.HttpURLConnection.connect(HttpURLConnection.java:990)
	at com.xxl.job.core.util.XxlJobRemotingUtil.postBody(XxlJobRemotingUtil.java:99)
	at com.xxl.job.core.biz.client.AdminBizClient.registry(AdminBizClient.java:42)
	at com.xxl.job.core.thread.ExecutorRegistryThread$1.run(ExecutorRegistryThread.java:48)
	at java.lang.Thread.run(Thread.java:750)
2023-02-13 15:04:42,570 ERROR [xxl-job, executor ExecutorRegistryThread][XxlJobRemotingUtil.java:143] - Connection refused: connect
java.net.ConnectException: Connection refused: connect
	at java.net.DualStackPlainSocketImpl.waitForConnect(Native Method)
	at java.net.DualStackPlainSocketImpl.socketConnect(DualStackPlainSocketImpl.java:85)
	at java.net.AbstractPlainSocketImpl.doConnect(AbstractPlainSocketImpl.java:350)
	at java.net.AbstractPlainSocketImpl.connectToAddress(AbstractPlainSocketImpl.java:206)
	at java.net.AbstractPlainSocketImpl.connect(AbstractPlainSocketImpl.java:188)
	at java.net.PlainSocketImpl.connect(PlainSocketImpl.java:172)
	at java.net.SocksSocketImpl.connect(SocksSocketImpl.java:392)
	at java.net.Socket.connect(Socket.java:607)
	at sun.net.NetworkClient.doConnect(NetworkClient.java:175)
	at sun.net.www.http.HttpClient.openServer(HttpClient.java:463)
	at sun.net.www.http.HttpClient.openServer(HttpClient.java:558)
	at sun.net.www.http.HttpClient.<init>(HttpClient.java:242)
	at sun.net.www.http.HttpClient.New(HttpClient.java:339)
	at sun.net.www.http.HttpClient.New(HttpClient.java:357)
	at sun.net.www.protocol.http.HttpURLConnection.getNewHttpClient(HttpURLConnection.java:1228)
	at sun.net.www.protocol.http.HttpURLConnection.plainConnect0(HttpURLConnection.java:1162)
	at sun.net.www.protocol.http.HttpURLConnection.plainConnect(HttpURLConnection.java:1056)
	at sun.net.www.protocol.http.HttpURLConnection.connect(HttpURLConnection.java:990)
	at com.xxl.job.core.util.XxlJobRemotingUtil.postBody(XxlJobRemotingUtil.java:99)
	at com.xxl.job.core.biz.client.AdminBizClient.registry(AdminBizClient.java:42)
	at com.xxl.job.core.thread.ExecutorRegistryThread$1.run(ExecutorRegistryThread.java:48)
	at java.lang.Thread.run(Thread.java:750)
2023-02-13 15:05:14,595 ERROR [xxl-job, executor ExecutorRegistryThread][XxlJobRemotingUtil.java:143] - Connection refused: connect
java.net.ConnectException: Connection refused: connect
	at java.net.DualStackPlainSocketImpl.waitForConnect(Native Method)
	at java.net.DualStackPlainSocketImpl.socketConnect(DualStackPlainSocketImpl.java:85)
	at java.net.AbstractPlainSocketImpl.doConnect(AbstractPlainSocketImpl.java:350)
	at java.net.AbstractPlainSocketImpl.connectToAddress(AbstractPlainSocketImpl.java:206)
	at java.net.AbstractPlainSocketImpl.connect(AbstractPlainSocketImpl.java:188)
	at java.net.PlainSocketImpl.connect(PlainSocketImpl.java:172)
	at java.net.SocksSocketImpl.connect(SocksSocketImpl.java:392)
	at java.net.Socket.connect(Socket.java:607)
	at sun.net.NetworkClient.doConnect(NetworkClient.java:175)
	at sun.net.www.http.HttpClient.openServer(HttpClient.java:463)
	at sun.net.www.http.HttpClient.openServer(HttpClient.java:558)
	at sun.net.www.http.HttpClient.<init>(HttpClient.java:242)
	at sun.net.www.http.HttpClient.New(HttpClient.java:339)
	at sun.net.www.http.HttpClient.New(HttpClient.java:357)
	at sun.net.www.protocol.http.HttpURLConnection.getNewHttpClient(HttpURLConnection.java:1228)
	at sun.net.www.protocol.http.HttpURLConnection.plainConnect0(HttpURLConnection.java:1162)
	at sun.net.www.protocol.http.HttpURLConnection.plainConnect(HttpURLConnection.java:1056)
	at sun.net.www.protocol.http.HttpURLConnection.connect(HttpURLConnection.java:990)
	at com.xxl.job.core.util.XxlJobRemotingUtil.postBody(XxlJobRemotingUtil.java:99)
	at com.xxl.job.core.biz.client.AdminBizClient.registry(AdminBizClient.java:42)
	at com.xxl.job.core.thread.ExecutorRegistryThread$1.run(ExecutorRegistryThread.java:48)
	at java.lang.Thread.run(Thread.java:750)
2023-02-13 15:05:46,616 ERROR [xxl-job, executor ExecutorRegistryThread][XxlJobRemotingUtil.java:143] - Connection refused: connect
java.net.ConnectException: Connection refused: connect
	at java.net.DualStackPlainSocketImpl.waitForConnect(Native Method)
	at java.net.DualStackPlainSocketImpl.socketConnect(DualStackPlainSocketImpl.java:85)
	at java.net.AbstractPlainSocketImpl.doConnect(AbstractPlainSocketImpl.java:350)
	at java.net.AbstractPlainSocketImpl.connectToAddress(AbstractPlainSocketImpl.java:206)
	at java.net.AbstractPlainSocketImpl.connect(AbstractPlainSocketImpl.java:188)
	at java.net.PlainSocketImpl.connect(PlainSocketImpl.java:172)
	at java.net.SocksSocketImpl.connect(SocksSocketImpl.java:392)
	at java.net.Socket.connect(Socket.java:607)
	at sun.net.NetworkClient.doConnect(NetworkClient.java:175)
	at sun.net.www.http.HttpClient.openServer(HttpClient.java:463)
	at sun.net.www.http.HttpClient.openServer(HttpClient.java:558)
	at sun.net.www.http.HttpClient.<init>(HttpClient.java:242)
	at sun.net.www.http.HttpClient.New(HttpClient.java:339)
	at sun.net.www.http.HttpClient.New(HttpClient.java:357)
	at sun.net.www.protocol.http.HttpURLConnection.getNewHttpClient(HttpURLConnection.java:1228)
	at sun.net.www.protocol.http.HttpURLConnection.plainConnect0(HttpURLConnection.java:1162)
	at sun.net.www.protocol.http.HttpURLConnection.plainConnect(HttpURLConnection.java:1056)
	at sun.net.www.protocol.http.HttpURLConnection.connect(HttpURLConnection.java:990)
	at com.xxl.job.core.util.XxlJobRemotingUtil.postBody(XxlJobRemotingUtil.java:99)
	at com.xxl.job.core.biz.client.AdminBizClient.registry(AdminBizClient.java:42)
	at com.xxl.job.core.thread.ExecutorRegistryThread$1.run(ExecutorRegistryThread.java:48)
	at java.lang.Thread.run(Thread.java:750)
2023-02-13 15:06:18,642 ERROR [xxl-job, executor ExecutorRegistryThread][XxlJobRemotingUtil.java:143] - Connection refused: connect
java.net.ConnectException: Connection refused: connect
	at java.net.DualStackPlainSocketImpl.waitForConnect(Native Method)
	at java.net.DualStackPlainSocketImpl.socketConnect(DualStackPlainSocketImpl.java:85)
	at java.net.AbstractPlainSocketImpl.doConnect(AbstractPlainSocketImpl.java:350)
	at java.net.AbstractPlainSocketImpl.connectToAddress(AbstractPlainSocketImpl.java:206)
	at java.net.AbstractPlainSocketImpl.connect(AbstractPlainSocketImpl.java:188)
	at java.net.PlainSocketImpl.connect(PlainSocketImpl.java:172)
	at java.net.SocksSocketImpl.connect(SocksSocketImpl.java:392)
	at java.net.Socket.connect(Socket.java:607)
	at sun.net.NetworkClient.doConnect(NetworkClient.java:175)
	at sun.net.www.http.HttpClient.openServer(HttpClient.java:463)
	at sun.net.www.http.HttpClient.openServer(HttpClient.java:558)
	at sun.net.www.http.HttpClient.<init>(HttpClient.java:242)
	at sun.net.www.http.HttpClient.New(HttpClient.java:339)
	at sun.net.www.http.HttpClient.New(HttpClient.java:357)
	at sun.net.www.protocol.http.HttpURLConnection.getNewHttpClient(HttpURLConnection.java:1228)
	at sun.net.www.protocol.http.HttpURLConnection.plainConnect0(HttpURLConnection.java:1162)
	at sun.net.www.protocol.http.HttpURLConnection.plainConnect(HttpURLConnection.java:1056)
	at sun.net.www.protocol.http.HttpURLConnection.connect(HttpURLConnection.java:990)
	at com.xxl.job.core.util.XxlJobRemotingUtil.postBody(XxlJobRemotingUtil.java:99)
	at com.xxl.job.core.biz.client.AdminBizClient.registry(AdminBizClient.java:42)
	at com.xxl.job.core.thread.ExecutorRegistryThread$1.run(ExecutorRegistryThread.java:48)
	at java.lang.Thread.run(Thread.java:750)
2023-02-13 15:06:50,670 ERROR [xxl-job, executor ExecutorRegistryThread][XxlJobRemotingUtil.java:143] - Connection refused: connect
java.net.ConnectException: Connection refused: connect
	at java.net.DualStackPlainSocketImpl.waitForConnect(Native Method)
	at java.net.DualStackPlainSocketImpl.socketConnect(DualStackPlainSocketImpl.java:85)
	at java.net.AbstractPlainSocketImpl.doConnect(AbstractPlainSocketImpl.java:350)
	at java.net.AbstractPlainSocketImpl.connectToAddress(AbstractPlainSocketImpl.java:206)
	at java.net.AbstractPlainSocketImpl.connect(AbstractPlainSocketImpl.java:188)
	at java.net.PlainSocketImpl.connect(PlainSocketImpl.java:172)
	at java.net.SocksSocketImpl.connect(SocksSocketImpl.java:392)
	at java.net.Socket.connect(Socket.java:607)
	at sun.net.NetworkClient.doConnect(NetworkClient.java:175)
	at sun.net.www.http.HttpClient.openServer(HttpClient.java:463)
	at sun.net.www.http.HttpClient.openServer(HttpClient.java:558)
	at sun.net.www.http.HttpClient.<init>(HttpClient.java:242)
	at sun.net.www.http.HttpClient.New(HttpClient.java:339)
	at sun.net.www.http.HttpClient.New(HttpClient.java:357)
	at sun.net.www.protocol.http.HttpURLConnection.getNewHttpClient(HttpURLConnection.java:1228)
	at sun.net.www.protocol.http.HttpURLConnection.plainConnect0(HttpURLConnection.java:1162)
	at sun.net.www.protocol.http.HttpURLConnection.plainConnect(HttpURLConnection.java:1056)
	at sun.net.www.protocol.http.HttpURLConnection.connect(HttpURLConnection.java:990)
	at com.xxl.job.core.util.XxlJobRemotingUtil.postBody(XxlJobRemotingUtil.java:99)
	at com.xxl.job.core.biz.client.AdminBizClient.registry(AdminBizClient.java:42)
	at com.xxl.job.core.thread.ExecutorRegistryThread$1.run(ExecutorRegistryThread.java:48)
	at java.lang.Thread.run(Thread.java:750)
2023-02-13 15:07:28,914 ERROR [xxl-job, executor ExecutorRegistryThread][XxlJobRemotingUtil.java:143] - Connection refused: connect
java.net.ConnectException: Connection refused: connect
	at java.net.DualStackPlainSocketImpl.waitForConnect(Native Method)
	at java.net.DualStackPlainSocketImpl.socketConnect(DualStackPlainSocketImpl.java:85)
	at java.net.AbstractPlainSocketImpl.doConnect(AbstractPlainSocketImpl.java:350)
	at java.net.AbstractPlainSocketImpl.connectToAddress(AbstractPlainSocketImpl.java:206)
	at java.net.AbstractPlainSocketImpl.connect(AbstractPlainSocketImpl.java:188)
	at java.net.PlainSocketImpl.connect(PlainSocketImpl.java:172)
	at java.net.SocksSocketImpl.connect(SocksSocketImpl.java:392)
	at java.net.Socket.connect(Socket.java:607)
	at sun.net.NetworkClient.doConnect(NetworkClient.java:175)
	at sun.net.www.http.HttpClient.openServer(HttpClient.java:463)
	at sun.net.www.http.HttpClient.openServer(HttpClient.java:558)
	at sun.net.www.http.HttpClient.<init>(HttpClient.java:242)
	at sun.net.www.http.HttpClient.New(HttpClient.java:339)
	at sun.net.www.http.HttpClient.New(HttpClient.java:357)
	at sun.net.www.protocol.http.HttpURLConnection.getNewHttpClient(HttpURLConnection.java:1228)
	at sun.net.www.protocol.http.HttpURLConnection.plainConnect0(HttpURLConnection.java:1162)
	at sun.net.www.protocol.http.HttpURLConnection.plainConnect(HttpURLConnection.java:1056)
	at sun.net.www.protocol.http.HttpURLConnection.connect(HttpURLConnection.java:990)
	at com.xxl.job.core.util.XxlJobRemotingUtil.postBody(XxlJobRemotingUtil.java:99)
	at com.xxl.job.core.biz.client.AdminBizClient.registry(AdminBizClient.java:42)
	at com.xxl.job.core.thread.ExecutorRegistryThread$1.run(ExecutorRegistryThread.java:48)
	at java.lang.Thread.run(Thread.java:750)
2023-02-13 15:08:00,976 ERROR [xxl-job, executor ExecutorRegistryThread][XxlJobRemotingUtil.java:143] - Connection refused: connect
java.net.ConnectException: Connection refused: connect
	at java.net.DualStackPlainSocketImpl.waitForConnect(Native Method)
	at java.net.DualStackPlainSocketImpl.socketConnect(DualStackPlainSocketImpl.java:85)
	at java.net.AbstractPlainSocketImpl.doConnect(AbstractPlainSocketImpl.java:350)
	at java.net.AbstractPlainSocketImpl.connectToAddress(AbstractPlainSocketImpl.java:206)
	at java.net.AbstractPlainSocketImpl.connect(AbstractPlainSocketImpl.java:188)
	at java.net.PlainSocketImpl.connect(PlainSocketImpl.java:172)
	at java.net.SocksSocketImpl.connect(SocksSocketImpl.java:392)
	at java.net.Socket.connect(Socket.java:607)
	at sun.net.NetworkClient.doConnect(NetworkClient.java:175)
	at sun.net.www.http.HttpClient.openServer(HttpClient.java:463)
	at sun.net.www.http.HttpClient.openServer(HttpClient.java:558)
	at sun.net.www.http.HttpClient.<init>(HttpClient.java:242)
	at sun.net.www.http.HttpClient.New(HttpClient.java:339)
	at sun.net.www.http.HttpClient.New(HttpClient.java:357)
	at sun.net.www.protocol.http.HttpURLConnection.getNewHttpClient(HttpURLConnection.java:1228)
	at sun.net.www.protocol.http.HttpURLConnection.plainConnect0(HttpURLConnection.java:1162)
	at sun.net.www.protocol.http.HttpURLConnection.plainConnect(HttpURLConnection.java:1056)
	at sun.net.www.protocol.http.HttpURLConnection.connect(HttpURLConnection.java:990)
	at com.xxl.job.core.util.XxlJobRemotingUtil.postBody(XxlJobRemotingUtil.java:99)
	at com.xxl.job.core.biz.client.AdminBizClient.registry(AdminBizClient.java:42)
	at com.xxl.job.core.thread.ExecutorRegistryThread$1.run(ExecutorRegistryThread.java:48)
	at java.lang.Thread.run(Thread.java:750)
2023-02-13 15:08:33,008 ERROR [xxl-job, executor ExecutorRegistryThread][XxlJobRemotingUtil.java:143] - Connection refused: connect
java.net.ConnectException: Connection refused: connect
	at java.net.DualStackPlainSocketImpl.waitForConnect(Native Method)
	at java.net.DualStackPlainSocketImpl.socketConnect(DualStackPlainSocketImpl.java:85)
	at java.net.AbstractPlainSocketImpl.doConnect(AbstractPlainSocketImpl.java:350)
	at java.net.AbstractPlainSocketImpl.connectToAddress(AbstractPlainSocketImpl.java:206)
	at java.net.AbstractPlainSocketImpl.connect(AbstractPlainSocketImpl.java:188)
	at java.net.PlainSocketImpl.connect(PlainSocketImpl.java:172)
	at java.net.SocksSocketImpl.connect(SocksSocketImpl.java:392)
	at java.net.Socket.connect(Socket.java:607)
	at sun.net.NetworkClient.doConnect(NetworkClient.java:175)
	at sun.net.www.http.HttpClient.openServer(HttpClient.java:463)
	at sun.net.www.http.HttpClient.openServer(HttpClient.java:558)
	at sun.net.www.http.HttpClient.<init>(HttpClient.java:242)
	at sun.net.www.http.HttpClient.New(HttpClient.java:339)
	at sun.net.www.http.HttpClient.New(HttpClient.java:357)
	at sun.net.www.protocol.http.HttpURLConnection.getNewHttpClient(HttpURLConnection.java:1228)
	at sun.net.www.protocol.http.HttpURLConnection.plainConnect0(HttpURLConnection.java:1162)
	at sun.net.www.protocol.http.HttpURLConnection.plainConnect(HttpURLConnection.java:1056)
	at sun.net.www.protocol.http.HttpURLConnection.connect(HttpURLConnection.java:990)
	at com.xxl.job.core.util.XxlJobRemotingUtil.postBody(XxlJobRemotingUtil.java:99)
	at com.xxl.job.core.biz.client.AdminBizClient.registry(AdminBizClient.java:42)
	at com.xxl.job.core.thread.ExecutorRegistryThread$1.run(ExecutorRegistryThread.java:48)
	at java.lang.Thread.run(Thread.java:750)
2023-02-13 15:09:03,871 ERROR [com.alibaba.nacos.client.naming.updater][NamingProxy.java:617] - [NA] failed to request
java.net.SocketTimeoutException: connect timed out
	at java.net.DualStackPlainSocketImpl.waitForConnect(Native Method)
	at java.net.DualStackPlainSocketImpl.socketConnect(DualStackPlainSocketImpl.java:85)
	at java.net.AbstractPlainSocketImpl.doConnect(AbstractPlainSocketImpl.java:350)
	at java.net.AbstractPlainSocketImpl.connectToAddress(AbstractPlainSocketImpl.java:206)
	at java.net.AbstractPlainSocketImpl.connect(AbstractPlainSocketImpl.java:188)
	at java.net.PlainSocketImpl.connect(PlainSocketImpl.java:172)
	at java.net.SocksSocketImpl.connect(SocksSocketImpl.java:392)
	at java.net.Socket.connect(Socket.java:607)
	at sun.net.NetworkClient.doConnect(NetworkClient.java:175)
	at sun.net.www.http.HttpClient.openServer(HttpClient.java:463)
	at sun.net.www.http.HttpClient.openServer(HttpClient.java:558)
	at sun.net.www.http.HttpClient.<init>(HttpClient.java:242)
	at sun.net.www.http.HttpClient.New(HttpClient.java:339)
	at sun.net.www.http.HttpClient.New(HttpClient.java:357)
	at sun.net.www.protocol.http.HttpURLConnection.getNewHttpClient(HttpURLConnection.java:1228)
	at sun.net.www.protocol.http.HttpURLConnection.plainConnect0(HttpURLConnection.java:1162)
	at sun.net.www.protocol.http.HttpURLConnection.plainConnect(HttpURLConnection.java:1056)
	at sun.net.www.protocol.http.HttpURLConnection.connect(HttpURLConnection.java:990)
	at com.alibaba.nacos.common.http.client.request.JdkHttpClientRequest.execute(JdkHttpClientRequest.java:112)
	at com.alibaba.nacos.common.http.client.NacosRestTemplate.execute(NacosRestTemplate.java:482)
	at com.alibaba.nacos.common.http.client.NacosRestTemplate.exchangeForm(NacosRestTemplate.java:427)
	at com.alibaba.nacos.client.naming.net.NamingProxy.callServer(NamingProxy.java:603)
	at com.alibaba.nacos.client.naming.net.NamingProxy.reqApi(NamingProxy.java:526)
	at com.alibaba.nacos.client.naming.net.NamingProxy.reqApi(NamingProxy.java:498)
	at com.alibaba.nacos.client.naming.net.NamingProxy.reqApi(NamingProxy.java:493)
	at com.alibaba.nacos.client.naming.net.NamingProxy.queryList(NamingProxy.java:407)
	at com.alibaba.nacos.client.naming.core.HostReactor.updateService(HostReactor.java:382)
	at com.alibaba.nacos.client.naming.core.HostReactor$UpdateTask.run(HostReactor.java:464)
	at java.util.concurrent.Executors$RunnableAdapter.call(Executors.java:511)
	at java.util.concurrent.FutureTask.run$$$capture(FutureTask.java:266)
	at java.util.concurrent.FutureTask.run(FutureTask.java)
	at java.util.concurrent.ScheduledThreadPoolExecutor$ScheduledFutureTask.access$201(ScheduledThreadPoolExecutor.java:180)
	at java.util.concurrent.ScheduledThreadPoolExecutor$ScheduledFutureTask.run(ScheduledThreadPoolExecutor.java:293)
	at java.util.concurrent.ThreadPoolExecutor.runWorker(ThreadPoolExecutor.java:1149)
	at java.util.concurrent.ThreadPoolExecutor$Worker.run(ThreadPoolExecutor.java:624)
	at java.lang.Thread.run(Thread.java:750)
2023-02-13 15:09:05,066 ERROR [xxl-job, executor ExecutorRegistryThread][XxlJobRemotingUtil.java:143] - Connection refused: connect
java.net.ConnectException: Connection refused: connect
	at java.net.DualStackPlainSocketImpl.waitForConnect(Native Method)
	at java.net.DualStackPlainSocketImpl.socketConnect(DualStackPlainSocketImpl.java:85)
	at java.net.AbstractPlainSocketImpl.doConnect(AbstractPlainSocketImpl.java:350)
	at java.net.AbstractPlainSocketImpl.connectToAddress(AbstractPlainSocketImpl.java:206)
	at java.net.AbstractPlainSocketImpl.connect(AbstractPlainSocketImpl.java:188)
	at java.net.PlainSocketImpl.connect(PlainSocketImpl.java:172)
	at java.net.SocksSocketImpl.connect(SocksSocketImpl.java:392)
	at java.net.Socket.connect(Socket.java:607)
	at sun.net.NetworkClient.doConnect(NetworkClient.java:175)
	at sun.net.www.http.HttpClient.openServer(HttpClient.java:463)
	at sun.net.www.http.HttpClient.openServer(HttpClient.java:558)
	at sun.net.www.http.HttpClient.<init>(HttpClient.java:242)
	at sun.net.www.http.HttpClient.New(HttpClient.java:339)
	at sun.net.www.http.HttpClient.New(HttpClient.java:357)
	at sun.net.www.protocol.http.HttpURLConnection.getNewHttpClient(HttpURLConnection.java:1228)
	at sun.net.www.protocol.http.HttpURLConnection.plainConnect0(HttpURLConnection.java:1162)
	at sun.net.www.protocol.http.HttpURLConnection.plainConnect(HttpURLConnection.java:1056)
	at sun.net.www.protocol.http.HttpURLConnection.connect(HttpURLConnection.java:990)
	at com.xxl.job.core.util.XxlJobRemotingUtil.postBody(XxlJobRemotingUtil.java:99)
	at com.xxl.job.core.biz.client.AdminBizClient.registry(AdminBizClient.java:42)
	at com.xxl.job.core.thread.ExecutorRegistryThread$1.run(ExecutorRegistryThread.java:48)
	at java.lang.Thread.run(Thread.java:750)
2023-02-13 15:09:06,876 ERROR [com.alibaba.nacos.client.naming.updater][NamingProxy.java:617] - [NA] failed to request
java.net.SocketTimeoutException: connect timed out
	at java.net.DualStackPlainSocketImpl.waitForConnect(Native Method)
	at java.net.DualStackPlainSocketImpl.socketConnect(DualStackPlainSocketImpl.java:85)
	at java.net.AbstractPlainSocketImpl.doConnect(AbstractPlainSocketImpl.java:350)
	at java.net.AbstractPlainSocketImpl.connectToAddress(AbstractPlainSocketImpl.java:206)
	at java.net.AbstractPlainSocketImpl.connect(AbstractPlainSocketImpl.java:188)
	at java.net.PlainSocketImpl.connect(PlainSocketImpl.java:172)
	at java.net.SocksSocketImpl.connect(SocksSocketImpl.java:392)
	at java.net.Socket.connect(Socket.java:607)
	at sun.net.NetworkClient.doConnect(NetworkClient.java:175)
	at sun.net.www.http.HttpClient.openServer(HttpClient.java:463)
	at sun.net.www.http.HttpClient.openServer(HttpClient.java:558)
	at sun.net.www.http.HttpClient.<init>(HttpClient.java:242)
	at sun.net.www.http.HttpClient.New(HttpClient.java:339)
	at sun.net.www.http.HttpClient.New(HttpClient.java:357)
	at sun.net.www.protocol.http.HttpURLConnection.getNewHttpClient(HttpURLConnection.java:1228)
	at sun.net.www.protocol.http.HttpURLConnection.plainConnect0(HttpURLConnection.java:1162)
	at sun.net.www.protocol.http.HttpURLConnection.plainConnect(HttpURLConnection.java:1056)
	at sun.net.www.protocol.http.HttpURLConnection.connect(HttpURLConnection.java:990)
	at com.alibaba.nacos.common.http.client.request.JdkHttpClientRequest.execute(JdkHttpClientRequest.java:112)
	at com.alibaba.nacos.common.http.client.NacosRestTemplate.execute(NacosRestTemplate.java:482)
	at com.alibaba.nacos.common.http.client.NacosRestTemplate.exchangeForm(NacosRestTemplate.java:427)
	at com.alibaba.nacos.client.naming.net.NamingProxy.callServer(NamingProxy.java:603)
	at com.alibaba.nacos.client.naming.net.NamingProxy.reqApi(NamingProxy.java:526)
	at com.alibaba.nacos.client.naming.net.NamingProxy.reqApi(NamingProxy.java:498)
	at com.alibaba.nacos.client.naming.net.NamingProxy.reqApi(NamingProxy.java:493)
	at com.alibaba.nacos.client.naming.net.NamingProxy.queryList(NamingProxy.java:407)
	at com.alibaba.nacos.client.naming.core.HostReactor.updateService(HostReactor.java:382)
	at com.alibaba.nacos.client.naming.core.HostReactor$UpdateTask.run(HostReactor.java:464)
	at java.util.concurrent.Executors$RunnableAdapter.call(Executors.java:511)
	at java.util.concurrent.FutureTask.run$$$capture(FutureTask.java:266)
	at java.util.concurrent.FutureTask.run(FutureTask.java)
	at java.util.concurrent.ScheduledThreadPoolExecutor$ScheduledFutureTask.access$201(ScheduledThreadPoolExecutor.java:180)
	at java.util.concurrent.ScheduledThreadPoolExecutor$ScheduledFutureTask.run(ScheduledThreadPoolExecutor.java:293)
	at java.util.concurrent.ThreadPoolExecutor.runWorker(ThreadPoolExecutor.java:1149)
	at java.util.concurrent.ThreadPoolExecutor$Worker.run(ThreadPoolExecutor.java:624)
	at java.lang.Thread.run(Thread.java:750)
2023-02-13 15:09:37,110 ERROR [xxl-job, executor ExecutorRegistryThread][XxlJobRemotingUtil.java:143] - Connection refused: connect
java.net.ConnectException: Connection refused: connect
	at java.net.DualStackPlainSocketImpl.waitForConnect(Native Method)
	at java.net.DualStackPlainSocketImpl.socketConnect(DualStackPlainSocketImpl.java:85)
	at java.net.AbstractPlainSocketImpl.doConnect(AbstractPlainSocketImpl.java:350)
	at java.net.AbstractPlainSocketImpl.connectToAddress(AbstractPlainSocketImpl.java:206)
	at java.net.AbstractPlainSocketImpl.connect(AbstractPlainSocketImpl.java:188)
	at java.net.PlainSocketImpl.connect(PlainSocketImpl.java:172)
	at java.net.SocksSocketImpl.connect(SocksSocketImpl.java:392)
	at java.net.Socket.connect(Socket.java:607)
	at sun.net.NetworkClient.doConnect(NetworkClient.java:175)
	at sun.net.www.http.HttpClient.openServer(HttpClient.java:463)
	at sun.net.www.http.HttpClient.openServer(HttpClient.java:558)
	at sun.net.www.http.HttpClient.<init>(HttpClient.java:242)
	at sun.net.www.http.HttpClient.New(HttpClient.java:339)
	at sun.net.www.http.HttpClient.New(HttpClient.java:357)
	at sun.net.www.protocol.http.HttpURLConnection.getNewHttpClient(HttpURLConnection.java:1228)
	at sun.net.www.protocol.http.HttpURLConnection.plainConnect0(HttpURLConnection.java:1162)
	at sun.net.www.protocol.http.HttpURLConnection.plainConnect(HttpURLConnection.java:1056)
	at sun.net.www.protocol.http.HttpURLConnection.connect(HttpURLConnection.java:990)
	at com.xxl.job.core.util.XxlJobRemotingUtil.postBody(XxlJobRemotingUtil.java:99)
	at com.xxl.job.core.biz.client.AdminBizClient.registry(AdminBizClient.java:42)
	at com.xxl.job.core.thread.ExecutorRegistryThread$1.run(ExecutorRegistryThread.java:48)
	at java.lang.Thread.run(Thread.java:750)
2023-02-13 15:09:42,576 ERROR [xxl-job, executor ExecutorRegistryThread][XxlJobRemotingUtil.java:143] - Connection refused: connect
java.net.ConnectException: Connection refused: connect
	at java.net.DualStackPlainSocketImpl.waitForConnect(Native Method)
	at java.net.DualStackPlainSocketImpl.socketConnect(DualStackPlainSocketImpl.java:85)
	at java.net.AbstractPlainSocketImpl.doConnect(AbstractPlainSocketImpl.java:350)
	at java.net.AbstractPlainSocketImpl.connectToAddress(AbstractPlainSocketImpl.java:206)
	at java.net.AbstractPlainSocketImpl.connect(AbstractPlainSocketImpl.java:188)
	at java.net.PlainSocketImpl.connect(PlainSocketImpl.java:172)
	at java.net.SocksSocketImpl.connect(SocksSocketImpl.java:392)
	at java.net.Socket.connect(Socket.java:607)
	at sun.net.NetworkClient.doConnect(NetworkClient.java:175)
	at sun.net.www.http.HttpClient.openServer(HttpClient.java:463)
	at sun.net.www.http.HttpClient.openServer(HttpClient.java:558)
	at sun.net.www.http.HttpClient.<init>(HttpClient.java:242)
	at sun.net.www.http.HttpClient.New(HttpClient.java:339)
	at sun.net.www.http.HttpClient.New(HttpClient.java:357)
	at sun.net.www.protocol.http.HttpURLConnection.getNewHttpClient(HttpURLConnection.java:1228)
	at sun.net.www.protocol.http.HttpURLConnection.plainConnect0(HttpURLConnection.java:1162)
	at sun.net.www.protocol.http.HttpURLConnection.plainConnect(HttpURLConnection.java:1056)
	at sun.net.www.protocol.http.HttpURLConnection.connect(HttpURLConnection.java:990)
	at com.xxl.job.core.util.XxlJobRemotingUtil.postBody(XxlJobRemotingUtil.java:99)
	at com.xxl.job.core.biz.client.AdminBizClient.registryRemove(AdminBizClient.java:47)
	at com.xxl.job.core.thread.ExecutorRegistryThread$1.run(ExecutorRegistryThread.java:84)
	at java.lang.Thread.run(Thread.java:750)
2023-02-13 15:09:59,089 ERROR [xxl-job, executor ExecutorRegistryThread][XxlJobRemotingUtil.java:143] - Connection refused: connect
java.net.ConnectException: Connection refused: connect
	at java.net.DualStackPlainSocketImpl.waitForConnect(Native Method)
	at java.net.DualStackPlainSocketImpl.socketConnect(DualStackPlainSocketImpl.java:85)
	at java.net.AbstractPlainSocketImpl.doConnect(AbstractPlainSocketImpl.java:350)
	at java.net.AbstractPlainSocketImpl.connectToAddress(AbstractPlainSocketImpl.java:206)
	at java.net.AbstractPlainSocketImpl.connect(AbstractPlainSocketImpl.java:188)
	at java.net.PlainSocketImpl.connect(PlainSocketImpl.java:172)
	at java.net.SocksSocketImpl.connect(SocksSocketImpl.java:392)
	at java.net.Socket.connect(Socket.java:607)
	at sun.net.NetworkClient.doConnect(NetworkClient.java:175)
	at sun.net.www.http.HttpClient.openServer(HttpClient.java:463)
	at sun.net.www.http.HttpClient.openServer(HttpClient.java:558)
	at sun.net.www.http.HttpClient.<init>(HttpClient.java:242)
	at sun.net.www.http.HttpClient.New(HttpClient.java:339)
	at sun.net.www.http.HttpClient.New(HttpClient.java:357)
	at sun.net.www.protocol.http.HttpURLConnection.getNewHttpClient(HttpURLConnection.java:1228)
	at sun.net.www.protocol.http.HttpURLConnection.plainConnect0(HttpURLConnection.java:1162)
	at sun.net.www.protocol.http.HttpURLConnection.plainConnect(HttpURLConnection.java:1056)
	at sun.net.www.protocol.http.HttpURLConnection.connect(HttpURLConnection.java:990)
	at com.xxl.job.core.util.XxlJobRemotingUtil.postBody(XxlJobRemotingUtil.java:99)
	at com.xxl.job.core.biz.client.AdminBizClient.registry(AdminBizClient.java:42)
	at com.xxl.job.core.thread.ExecutorRegistryThread$1.run(ExecutorRegistryThread.java:48)
	at java.lang.Thread.run(Thread.java:750)
2023-02-13 15:10:31,112 ERROR [xxl-job, executor ExecutorRegistryThread][XxlJobRemotingUtil.java:143] - Connection refused: connect
java.net.ConnectException: Connection refused: connect
	at java.net.DualStackPlainSocketImpl.waitForConnect(Native Method)
	at java.net.DualStackPlainSocketImpl.socketConnect(DualStackPlainSocketImpl.java:85)
	at java.net.AbstractPlainSocketImpl.doConnect(AbstractPlainSocketImpl.java:350)
	at java.net.AbstractPlainSocketImpl.connectToAddress(AbstractPlainSocketImpl.java:206)
	at java.net.AbstractPlainSocketImpl.connect(AbstractPlainSocketImpl.java:188)
	at java.net.PlainSocketImpl.connect(PlainSocketImpl.java:172)
	at java.net.SocksSocketImpl.connect(SocksSocketImpl.java:392)
	at java.net.Socket.connect(Socket.java:607)
	at sun.net.NetworkClient.doConnect(NetworkClient.java:175)
	at sun.net.www.http.HttpClient.openServer(HttpClient.java:463)
	at sun.net.www.http.HttpClient.openServer(HttpClient.java:558)
	at sun.net.www.http.HttpClient.<init>(HttpClient.java:242)
	at sun.net.www.http.HttpClient.New(HttpClient.java:339)
	at sun.net.www.http.HttpClient.New(HttpClient.java:357)
	at sun.net.www.protocol.http.HttpURLConnection.getNewHttpClient(HttpURLConnection.java:1228)
	at sun.net.www.protocol.http.HttpURLConnection.plainConnect0(HttpURLConnection.java:1162)
	at sun.net.www.protocol.http.HttpURLConnection.plainConnect(HttpURLConnection.java:1056)
	at sun.net.www.protocol.http.HttpURLConnection.connect(HttpURLConnection.java:990)
	at com.xxl.job.core.util.XxlJobRemotingUtil.postBody(XxlJobRemotingUtil.java:99)
	at com.xxl.job.core.biz.client.AdminBizClient.registry(AdminBizClient.java:42)
	at com.xxl.job.core.thread.ExecutorRegistryThread$1.run(ExecutorRegistryThread.java:48)
	at java.lang.Thread.run(Thread.java:750)
2023-02-13 15:10:50,441 ERROR [com.alibaba.nacos.client.naming.updater][NamingProxy.java:617] - [NA] failed to request
java.net.SocketTimeoutException: connect timed out
	at java.net.DualStackPlainSocketImpl.waitForConnect(Native Method)
	at java.net.DualStackPlainSocketImpl.socketConnect(DualStackPlainSocketImpl.java:85)
	at java.net.AbstractPlainSocketImpl.doConnect(AbstractPlainSocketImpl.java:350)
	at java.net.AbstractPlainSocketImpl.connectToAddress(AbstractPlainSocketImpl.java:206)
	at java.net.AbstractPlainSocketImpl.connect(AbstractPlainSocketImpl.java:188)
	at java.net.PlainSocketImpl.connect(PlainSocketImpl.java:172)
	at java.net.SocksSocketImpl.connect(SocksSocketImpl.java:392)
	at java.net.Socket.connect(Socket.java:607)
	at sun.net.NetworkClient.doConnect(NetworkClient.java:175)
	at sun.net.www.http.HttpClient.openServer(HttpClient.java:463)
	at sun.net.www.http.HttpClient.openServer(HttpClient.java:558)
	at sun.net.www.http.HttpClient.<init>(HttpClient.java:242)
	at sun.net.www.http.HttpClient.New(HttpClient.java:339)
	at sun.net.www.http.HttpClient.New(HttpClient.java:357)
	at sun.net.www.protocol.http.HttpURLConnection.getNewHttpClient(HttpURLConnection.java:1228)
	at sun.net.www.protocol.http.HttpURLConnection.plainConnect0(HttpURLConnection.java:1162)
	at sun.net.www.protocol.http.HttpURLConnection.plainConnect(HttpURLConnection.java:1056)
	at sun.net.www.protocol.http.HttpURLConnection.connect(HttpURLConnection.java:990)
	at com.alibaba.nacos.common.http.client.request.JdkHttpClientRequest.execute(JdkHttpClientRequest.java:112)
	at com.alibaba.nacos.common.http.client.NacosRestTemplate.execute(NacosRestTemplate.java:482)
	at com.alibaba.nacos.common.http.client.NacosRestTemplate.exchangeForm(NacosRestTemplate.java:427)
	at com.alibaba.nacos.client.naming.net.NamingProxy.callServer(NamingProxy.java:603)
	at com.alibaba.nacos.client.naming.net.NamingProxy.reqApi(NamingProxy.java:526)
	at com.alibaba.nacos.client.naming.net.NamingProxy.reqApi(NamingProxy.java:498)
	at com.alibaba.nacos.client.naming.net.NamingProxy.reqApi(NamingProxy.java:493)
	at com.alibaba.nacos.client.naming.net.NamingProxy.queryList(NamingProxy.java:407)
	at com.alibaba.nacos.client.naming.core.HostReactor.updateService(HostReactor.java:382)
	at com.alibaba.nacos.client.naming.core.HostReactor$UpdateTask.run(HostReactor.java:464)
	at java.util.concurrent.Executors$RunnableAdapter.call(Executors.java:511)
	at java.util.concurrent.FutureTask.run(FutureTask.java:266)
	at java.util.concurrent.ScheduledThreadPoolExecutor$ScheduledFutureTask.access$201(ScheduledThreadPoolExecutor.java:180)
	at java.util.concurrent.ScheduledThreadPoolExecutor$ScheduledFutureTask.run(ScheduledThreadPoolExecutor.java:293)
	at java.util.concurrent.ThreadPoolExecutor.runWorker(ThreadPoolExecutor.java:1149)
	at java.util.concurrent.ThreadPoolExecutor$Worker.run(ThreadPoolExecutor.java:624)
	at java.lang.Thread.run(Thread.java:750)
2023-02-13 15:11:03,137 ERROR [xxl-job, executor ExecutorRegistryThread][XxlJobRemotingUtil.java:143] - Connection refused: connect
java.net.ConnectException: Connection refused: connect
	at java.net.DualStackPlainSocketImpl.waitForConnect(Native Method)
	at java.net.DualStackPlainSocketImpl.socketConnect(DualStackPlainSocketImpl.java:85)
	at java.net.AbstractPlainSocketImpl.doConnect(AbstractPlainSocketImpl.java:350)
	at java.net.AbstractPlainSocketImpl.connectToAddress(AbstractPlainSocketImpl.java:206)
	at java.net.AbstractPlainSocketImpl.connect(AbstractPlainSocketImpl.java:188)
	at java.net.PlainSocketImpl.connect(PlainSocketImpl.java:172)
	at java.net.SocksSocketImpl.connect(SocksSocketImpl.java:392)
	at java.net.Socket.connect(Socket.java:607)
	at sun.net.NetworkClient.doConnect(NetworkClient.java:175)
	at sun.net.www.http.HttpClient.openServer(HttpClient.java:463)
	at sun.net.www.http.HttpClient.openServer(HttpClient.java:558)
	at sun.net.www.http.HttpClient.<init>(HttpClient.java:242)
	at sun.net.www.http.HttpClient.New(HttpClient.java:339)
	at sun.net.www.http.HttpClient.New(HttpClient.java:357)
	at sun.net.www.protocol.http.HttpURLConnection.getNewHttpClient(HttpURLConnection.java:1228)
	at sun.net.www.protocol.http.HttpURLConnection.plainConnect0(HttpURLConnection.java:1162)
	at sun.net.www.protocol.http.HttpURLConnection.plainConnect(HttpURLConnection.java:1056)
	at sun.net.www.protocol.http.HttpURLConnection.connect(HttpURLConnection.java:990)
	at com.xxl.job.core.util.XxlJobRemotingUtil.postBody(XxlJobRemotingUtil.java:99)
	at com.xxl.job.core.biz.client.AdminBizClient.registry(AdminBizClient.java:42)
	at com.xxl.job.core.thread.ExecutorRegistryThread$1.run(ExecutorRegistryThread.java:48)
	at java.lang.Thread.run(Thread.java:750)
2023-02-13 15:11:32,706 ERROR [com.alibaba.nacos.client.naming.updater][NamingProxy.java:617] - [NA] failed to request
java.net.SocketTimeoutException: Read timed out
	at java.net.SocketInputStream.socketRead0(Native Method)
	at java.net.SocketInputStream.socketRead(SocketInputStream.java:116)
	at java.net.SocketInputStream.read(SocketInputStream.java:171)
	at java.net.SocketInputStream.read(SocketInputStream.java:141)
	at java.io.BufferedInputStream.fill(BufferedInputStream.java:246)
	at java.io.BufferedInputStream.read1(BufferedInputStream.java:286)
	at java.io.BufferedInputStream.read(BufferedInputStream.java:345)
	at sun.net.www.http.HttpClient.parseHTTPHeader(HttpClient.java:735)
	at sun.net.www.http.HttpClient.parseHTTP(HttpClient.java:678)
	at sun.net.www.protocol.http.HttpURLConnection.getInputStream0(HttpURLConnection.java:1595)
	at sun.net.www.protocol.http.HttpURLConnection.getInputStream(HttpURLConnection.java:1500)
	at java.net.HttpURLConnection.getResponseCode(HttpURLConnection.java:480)
	at com.alibaba.nacos.common.http.client.response.JdkHttpClientResponse.getStatusCode(JdkHttpClientResponse.java:79)
	at com.alibaba.nacos.common.http.client.handler.AbstractResponseHandler.handle(AbstractResponseHandler.java:43)
	at com.alibaba.nacos.common.http.client.NacosRestTemplate.execute(NacosRestTemplate.java:483)
	at com.alibaba.nacos.common.http.client.NacosRestTemplate.exchangeForm(NacosRestTemplate.java:427)
	at com.alibaba.nacos.client.naming.net.NamingProxy.callServer(NamingProxy.java:603)
	at com.alibaba.nacos.client.naming.net.NamingProxy.reqApi(NamingProxy.java:526)
	at com.alibaba.nacos.client.naming.net.NamingProxy.reqApi(NamingProxy.java:498)
	at com.alibaba.nacos.client.naming.net.NamingProxy.reqApi(NamingProxy.java:493)
	at com.alibaba.nacos.client.naming.net.NamingProxy.queryList(NamingProxy.java:407)
	at com.alibaba.nacos.client.naming.core.HostReactor.updateService(HostReactor.java:382)
	at com.alibaba.nacos.client.naming.core.HostReactor$UpdateTask.run(HostReactor.java:464)
	at java.util.concurrent.Executors$RunnableAdapter.call(Executors.java:511)
	at java.util.concurrent.FutureTask.run(FutureTask.java:266)
	at java.util.concurrent.ScheduledThreadPoolExecutor$ScheduledFutureTask.access$201(ScheduledThreadPoolExecutor.java:180)
	at java.util.concurrent.ScheduledThreadPoolExecutor$ScheduledFutureTask.run(ScheduledThreadPoolExecutor.java:293)
	at java.util.concurrent.ThreadPoolExecutor.runWorker(ThreadPoolExecutor.java:1149)
	at java.util.concurrent.ThreadPoolExecutor$Worker.run(ThreadPoolExecutor.java:624)
	at java.lang.Thread.run(Thread.java:750)
2023-02-13 15:11:35,181 ERROR [xxl-job, executor ExecutorRegistryThread][XxlJobRemotingUtil.java:143] - Connection refused: connect
java.net.ConnectException: Connection refused: connect
	at java.net.DualStackPlainSocketImpl.waitForConnect(Native Method)
	at java.net.DualStackPlainSocketImpl.socketConnect(DualStackPlainSocketImpl.java:85)
	at java.net.AbstractPlainSocketImpl.doConnect(AbstractPlainSocketImpl.java:350)
	at java.net.AbstractPlainSocketImpl.connectToAddress(AbstractPlainSocketImpl.java:206)
	at java.net.AbstractPlainSocketImpl.connect(AbstractPlainSocketImpl.java:188)
	at java.net.PlainSocketImpl.connect(PlainSocketImpl.java:172)
	at java.net.SocksSocketImpl.connect(SocksSocketImpl.java:392)
	at java.net.Socket.connect(Socket.java:607)
	at sun.net.NetworkClient.doConnect(NetworkClient.java:175)
	at sun.net.www.http.HttpClient.openServer(HttpClient.java:463)
	at sun.net.www.http.HttpClient.openServer(HttpClient.java:558)
	at sun.net.www.http.HttpClient.<init>(HttpClient.java:242)
	at sun.net.www.http.HttpClient.New(HttpClient.java:339)
	at sun.net.www.http.HttpClient.New(HttpClient.java:357)
	at sun.net.www.protocol.http.HttpURLConnection.getNewHttpClient(HttpURLConnection.java:1228)
	at sun.net.www.protocol.http.HttpURLConnection.plainConnect0(HttpURLConnection.java:1162)
	at sun.net.www.protocol.http.HttpURLConnection.plainConnect(HttpURLConnection.java:1056)
	at sun.net.www.protocol.http.HttpURLConnection.connect(HttpURLConnection.java:990)
	at com.xxl.job.core.util.XxlJobRemotingUtil.postBody(XxlJobRemotingUtil.java:99)
	at com.xxl.job.core.biz.client.AdminBizClient.registry(AdminBizClient.java:42)
	at com.xxl.job.core.thread.ExecutorRegistryThread$1.run(ExecutorRegistryThread.java:48)
	at java.lang.Thread.run(Thread.java:750)
2023-02-13 15:12:07,219 ERROR [xxl-job, executor ExecutorRegistryThread][XxlJobRemotingUtil.java:143] - Connection refused: connect
java.net.ConnectException: Connection refused: connect
	at java.net.DualStackPlainSocketImpl.waitForConnect(Native Method)
	at java.net.DualStackPlainSocketImpl.socketConnect(DualStackPlainSocketImpl.java:85)
	at java.net.AbstractPlainSocketImpl.doConnect(AbstractPlainSocketImpl.java:350)
	at java.net.AbstractPlainSocketImpl.connectToAddress(AbstractPlainSocketImpl.java:206)
	at java.net.AbstractPlainSocketImpl.connect(AbstractPlainSocketImpl.java:188)
	at java.net.PlainSocketImpl.connect(PlainSocketImpl.java:172)
	at java.net.SocksSocketImpl.connect(SocksSocketImpl.java:392)
	at java.net.Socket.connect(Socket.java:607)
	at sun.net.NetworkClient.doConnect(NetworkClient.java:175)
	at sun.net.www.http.HttpClient.openServer(HttpClient.java:463)
	at sun.net.www.http.HttpClient.openServer(HttpClient.java:558)
	at sun.net.www.http.HttpClient.<init>(HttpClient.java:242)
	at sun.net.www.http.HttpClient.New(HttpClient.java:339)
	at sun.net.www.http.HttpClient.New(HttpClient.java:357)
	at sun.net.www.protocol.http.HttpURLConnection.getNewHttpClient(HttpURLConnection.java:1228)
	at sun.net.www.protocol.http.HttpURLConnection.plainConnect0(HttpURLConnection.java:1162)
	at sun.net.www.protocol.http.HttpURLConnection.plainConnect(HttpURLConnection.java:1056)
	at sun.net.www.protocol.http.HttpURLConnection.connect(HttpURLConnection.java:990)
	at com.xxl.job.core.util.XxlJobRemotingUtil.postBody(XxlJobRemotingUtil.java:99)
	at com.xxl.job.core.biz.client.AdminBizClient.registry(AdminBizClient.java:42)
	at com.xxl.job.core.thread.ExecutorRegistryThread$1.run(ExecutorRegistryThread.java:48)
	at java.lang.Thread.run(Thread.java:750)
2023-02-13 15:12:11,470 ERROR [com.alibaba.nacos.naming.beat.sender][NamingProxy.java:617] - [NA] failed to request
java.net.SocketTimeoutException: Read timed out
	at java.net.SocketInputStream.socketRead0(Native Method)
	at java.net.SocketInputStream.socketRead(SocketInputStream.java:116)
	at java.net.SocketInputStream.read(SocketInputStream.java:171)
	at java.net.SocketInputStream.read(SocketInputStream.java:141)
	at java.io.BufferedInputStream.fill(BufferedInputStream.java:246)
	at java.io.BufferedInputStream.read1(BufferedInputStream.java:286)
	at java.io.BufferedInputStream.read(BufferedInputStream.java:345)
	at sun.net.www.http.HttpClient.parseHTTPHeader(HttpClient.java:735)
	at sun.net.www.http.HttpClient.parseHTTP(HttpClient.java:678)
	at sun.net.www.protocol.http.HttpURLConnection.getInputStream0(HttpURLConnection.java:1595)
	at sun.net.www.protocol.http.HttpURLConnection.getInputStream(HttpURLConnection.java:1500)
	at java.net.HttpURLConnection.getResponseCode(HttpURLConnection.java:480)
	at com.alibaba.nacos.common.http.client.response.JdkHttpClientResponse.getStatusCode(JdkHttpClientResponse.java:79)
	at com.alibaba.nacos.common.http.client.handler.AbstractResponseHandler.handle(AbstractResponseHandler.java:43)
	at com.alibaba.nacos.common.http.client.NacosRestTemplate.execute(NacosRestTemplate.java:483)
	at com.alibaba.nacos.common.http.client.NacosRestTemplate.exchangeForm(NacosRestTemplate.java:427)
	at com.alibaba.nacos.client.naming.net.NamingProxy.callServer(NamingProxy.java:603)
	at com.alibaba.nacos.client.naming.net.NamingProxy.reqApi(NamingProxy.java:526)
	at com.alibaba.nacos.client.naming.net.NamingProxy.reqApi(NamingProxy.java:498)
	at com.alibaba.nacos.client.naming.net.NamingProxy.sendBeat(NamingProxy.java:433)
	at com.alibaba.nacos.client.naming.beat.BeatReactor$BeatTask.run(BeatReactor.java:167)
	at java.util.concurrent.Executors$RunnableAdapter.call(Executors.java:511)
	at java.util.concurrent.FutureTask.run(FutureTask.java:266)
	at java.util.concurrent.ScheduledThreadPoolExecutor$ScheduledFutureTask.access$201(ScheduledThreadPoolExecutor.java:180)
	at java.util.concurrent.ScheduledThreadPoolExecutor$ScheduledFutureTask.run(ScheduledThreadPoolExecutor.java:293)
	at java.util.concurrent.ThreadPoolExecutor.runWorker(ThreadPoolExecutor.java:1149)
	at java.util.concurrent.ThreadPoolExecutor$Worker.run(ThreadPoolExecutor.java:624)
	at java.lang.Thread.run(Thread.java:750)
2023-02-13 15:12:39,250 ERROR [xxl-job, executor ExecutorRegistryThread][XxlJobRemotingUtil.java:143] - Connection refused: connect
java.net.ConnectException: Connection refused: connect
	at java.net.DualStackPlainSocketImpl.waitForConnect(Native Method)
	at java.net.DualStackPlainSocketImpl.socketConnect(DualStackPlainSocketImpl.java:85)
	at java.net.AbstractPlainSocketImpl.doConnect(AbstractPlainSocketImpl.java:350)
	at java.net.AbstractPlainSocketImpl.connectToAddress(AbstractPlainSocketImpl.java:206)
	at java.net.AbstractPlainSocketImpl.connect(AbstractPlainSocketImpl.java:188)
	at java.net.PlainSocketImpl.connect(PlainSocketImpl.java:172)
	at java.net.SocksSocketImpl.connect(SocksSocketImpl.java:392)
	at java.net.Socket.connect(Socket.java:607)
	at sun.net.NetworkClient.doConnect(NetworkClient.java:175)
	at sun.net.www.http.HttpClient.openServer(HttpClient.java:463)
	at sun.net.www.http.HttpClient.openServer(HttpClient.java:558)
	at sun.net.www.http.HttpClient.<init>(HttpClient.java:242)
	at sun.net.www.http.HttpClient.New(HttpClient.java:339)
	at sun.net.www.http.HttpClient.New(HttpClient.java:357)
	at sun.net.www.protocol.http.HttpURLConnection.getNewHttpClient(HttpURLConnection.java:1228)
	at sun.net.www.protocol.http.HttpURLConnection.plainConnect0(HttpURLConnection.java:1162)
	at sun.net.www.protocol.http.HttpURLConnection.plainConnect(HttpURLConnection.java:1056)
	at sun.net.www.protocol.http.HttpURLConnection.connect(HttpURLConnection.java:990)
	at com.xxl.job.core.util.XxlJobRemotingUtil.postBody(XxlJobRemotingUtil.java:99)
	at com.xxl.job.core.biz.client.AdminBizClient.registry(AdminBizClient.java:42)
	at com.xxl.job.core.thread.ExecutorRegistryThread$1.run(ExecutorRegistryThread.java:48)
	at java.lang.Thread.run(Thread.java:750)
2023-02-13 15:13:11,277 ERROR [xxl-job, executor ExecutorRegistryThread][XxlJobRemotingUtil.java:143] - Connection refused: connect
java.net.ConnectException: Connection refused: connect
	at java.net.DualStackPlainSocketImpl.waitForConnect(Native Method)
	at java.net.DualStackPlainSocketImpl.socketConnect(DualStackPlainSocketImpl.java:85)
	at java.net.AbstractPlainSocketImpl.doConnect(AbstractPlainSocketImpl.java:350)
	at java.net.AbstractPlainSocketImpl.connectToAddress(AbstractPlainSocketImpl.java:206)
	at java.net.AbstractPlainSocketImpl.connect(AbstractPlainSocketImpl.java:188)
	at java.net.PlainSocketImpl.connect(PlainSocketImpl.java:172)
	at java.net.SocksSocketImpl.connect(SocksSocketImpl.java:392)
	at java.net.Socket.connect(Socket.java:607)
	at sun.net.NetworkClient.doConnect(NetworkClient.java:175)
	at sun.net.www.http.HttpClient.openServer(HttpClient.java:463)
	at sun.net.www.http.HttpClient.openServer(HttpClient.java:558)
	at sun.net.www.http.HttpClient.<init>(HttpClient.java:242)
	at sun.net.www.http.HttpClient.New(HttpClient.java:339)
	at sun.net.www.http.HttpClient.New(HttpClient.java:357)
	at sun.net.www.protocol.http.HttpURLConnection.getNewHttpClient(HttpURLConnection.java:1228)
	at sun.net.www.protocol.http.HttpURLConnection.plainConnect0(HttpURLConnection.java:1162)
	at sun.net.www.protocol.http.HttpURLConnection.plainConnect(HttpURLConnection.java:1056)
	at sun.net.www.protocol.http.HttpURLConnection.connect(HttpURLConnection.java:990)
	at com.xxl.job.core.util.XxlJobRemotingUtil.postBody(XxlJobRemotingUtil.java:99)
	at com.xxl.job.core.biz.client.AdminBizClient.registry(AdminBizClient.java:42)
	at com.xxl.job.core.thread.ExecutorRegistryThread$1.run(ExecutorRegistryThread.java:48)
	at java.lang.Thread.run(Thread.java:750)
2023-02-13 15:13:43,311 ERROR [xxl-job, executor ExecutorRegistryThread][XxlJobRemotingUtil.java:143] - Connection refused: connect
java.net.ConnectException: Connection refused: connect
	at java.net.DualStackPlainSocketImpl.waitForConnect(Native Method)
	at java.net.DualStackPlainSocketImpl.socketConnect(DualStackPlainSocketImpl.java:85)
	at java.net.AbstractPlainSocketImpl.doConnect(AbstractPlainSocketImpl.java:350)
	at java.net.AbstractPlainSocketImpl.connectToAddress(AbstractPlainSocketImpl.java:206)
	at java.net.AbstractPlainSocketImpl.connect(AbstractPlainSocketImpl.java:188)
	at java.net.PlainSocketImpl.connect(PlainSocketImpl.java:172)
	at java.net.SocksSocketImpl.connect(SocksSocketImpl.java:392)
	at java.net.Socket.connect(Socket.java:607)
	at sun.net.NetworkClient.doConnect(NetworkClient.java:175)
	at sun.net.www.http.HttpClient.openServer(HttpClient.java:463)
	at sun.net.www.http.HttpClient.openServer(HttpClient.java:558)
	at sun.net.www.http.HttpClient.<init>(HttpClient.java:242)
	at sun.net.www.http.HttpClient.New(HttpClient.java:339)
	at sun.net.www.http.HttpClient.New(HttpClient.java:357)
	at sun.net.www.protocol.http.HttpURLConnection.getNewHttpClient(HttpURLConnection.java:1228)
	at sun.net.www.protocol.http.HttpURLConnection.plainConnect0(HttpURLConnection.java:1162)
	at sun.net.www.protocol.http.HttpURLConnection.plainConnect(HttpURLConnection.java:1056)
	at sun.net.www.protocol.http.HttpURLConnection.connect(HttpURLConnection.java:990)
	at com.xxl.job.core.util.XxlJobRemotingUtil.postBody(XxlJobRemotingUtil.java:99)
	at com.xxl.job.core.biz.client.AdminBizClient.registry(AdminBizClient.java:42)
	at com.xxl.job.core.thread.ExecutorRegistryThread$1.run(ExecutorRegistryThread.java:48)
	at java.lang.Thread.run(Thread.java:750)
2023-02-13 15:14:15,332 ERROR [xxl-job, executor ExecutorRegistryThread][XxlJobRemotingUtil.java:143] - Connection refused: connect
java.net.ConnectException: Connection refused: connect
	at java.net.DualStackPlainSocketImpl.waitForConnect(Native Method)
	at java.net.DualStackPlainSocketImpl.socketConnect(DualStackPlainSocketImpl.java:85)
	at java.net.AbstractPlainSocketImpl.doConnect(AbstractPlainSocketImpl.java:350)
	at java.net.AbstractPlainSocketImpl.connectToAddress(AbstractPlainSocketImpl.java:206)
	at java.net.AbstractPlainSocketImpl.connect(AbstractPlainSocketImpl.java:188)
	at java.net.PlainSocketImpl.connect(PlainSocketImpl.java:172)
	at java.net.SocksSocketImpl.connect(SocksSocketImpl.java:392)
	at java.net.Socket.connect(Socket.java:607)
	at sun.net.NetworkClient.doConnect(NetworkClient.java:175)
	at sun.net.www.http.HttpClient.openServer(HttpClient.java:463)
	at sun.net.www.http.HttpClient.openServer(HttpClient.java:558)
	at sun.net.www.http.HttpClient.<init>(HttpClient.java:242)
	at sun.net.www.http.HttpClient.New(HttpClient.java:339)
	at sun.net.www.http.HttpClient.New(HttpClient.java:357)
	at sun.net.www.protocol.http.HttpURLConnection.getNewHttpClient(HttpURLConnection.java:1228)
	at sun.net.www.protocol.http.HttpURLConnection.plainConnect0(HttpURLConnection.java:1162)
	at sun.net.www.protocol.http.HttpURLConnection.plainConnect(HttpURLConnection.java:1056)
	at sun.net.www.protocol.http.HttpURLConnection.connect(HttpURLConnection.java:990)
	at com.xxl.job.core.util.XxlJobRemotingUtil.postBody(XxlJobRemotingUtil.java:99)
	at com.xxl.job.core.biz.client.AdminBizClient.registry(AdminBizClient.java:42)
	at com.xxl.job.core.thread.ExecutorRegistryThread$1.run(ExecutorRegistryThread.java:48)
	at java.lang.Thread.run(Thread.java:750)
2023-02-13 15:14:47,400 ERROR [xxl-job, executor ExecutorRegistryThread][XxlJobRemotingUtil.java:143] - Connection refused: connect
java.net.ConnectException: Connection refused: connect
	at java.net.DualStackPlainSocketImpl.waitForConnect(Native Method)
	at java.net.DualStackPlainSocketImpl.socketConnect(DualStackPlainSocketImpl.java:85)
	at java.net.AbstractPlainSocketImpl.doConnect(AbstractPlainSocketImpl.java:350)
	at java.net.AbstractPlainSocketImpl.connectToAddress(AbstractPlainSocketImpl.java:206)
	at java.net.AbstractPlainSocketImpl.connect(AbstractPlainSocketImpl.java:188)
	at java.net.PlainSocketImpl.connect(PlainSocketImpl.java:172)
	at java.net.SocksSocketImpl.connect(SocksSocketImpl.java:392)
	at java.net.Socket.connect(Socket.java:607)
	at sun.net.NetworkClient.doConnect(NetworkClient.java:175)
	at sun.net.www.http.HttpClient.openServer(HttpClient.java:463)
	at sun.net.www.http.HttpClient.openServer(HttpClient.java:558)
	at sun.net.www.http.HttpClient.<init>(HttpClient.java:242)
	at sun.net.www.http.HttpClient.New(HttpClient.java:339)
	at sun.net.www.http.HttpClient.New(HttpClient.java:357)
	at sun.net.www.protocol.http.HttpURLConnection.getNewHttpClient(HttpURLConnection.java:1228)
	at sun.net.www.protocol.http.HttpURLConnection.plainConnect0(HttpURLConnection.java:1162)
	at sun.net.www.protocol.http.HttpURLConnection.plainConnect(HttpURLConnection.java:1056)
	at sun.net.www.protocol.http.HttpURLConnection.connect(HttpURLConnection.java:990)
	at com.xxl.job.core.util.XxlJobRemotingUtil.postBody(XxlJobRemotingUtil.java:99)
	at com.xxl.job.core.biz.client.AdminBizClient.registry(AdminBizClient.java:42)
	at com.xxl.job.core.thread.ExecutorRegistryThread$1.run(ExecutorRegistryThread.java:48)
	at java.lang.Thread.run(Thread.java:750)
2023-02-13 15:15:19,421 ERROR [xxl-job, executor ExecutorRegistryThread][XxlJobRemotingUtil.java:143] - Connection refused: connect
java.net.ConnectException: Connection refused: connect
	at java.net.DualStackPlainSocketImpl.waitForConnect(Native Method)
	at java.net.DualStackPlainSocketImpl.socketConnect(DualStackPlainSocketImpl.java:85)
	at java.net.AbstractPlainSocketImpl.doConnect(AbstractPlainSocketImpl.java:350)
	at java.net.AbstractPlainSocketImpl.connectToAddress(AbstractPlainSocketImpl.java:206)
	at java.net.AbstractPlainSocketImpl.connect(AbstractPlainSocketImpl.java:188)
	at java.net.PlainSocketImpl.connect(PlainSocketImpl.java:172)
	at java.net.SocksSocketImpl.connect(SocksSocketImpl.java:392)
	at java.net.Socket.connect(Socket.java:607)
	at sun.net.NetworkClient.doConnect(NetworkClient.java:175)
	at sun.net.www.http.HttpClient.openServer(HttpClient.java:463)
	at sun.net.www.http.HttpClient.openServer(HttpClient.java:558)
	at sun.net.www.http.HttpClient.<init>(HttpClient.java:242)
	at sun.net.www.http.HttpClient.New(HttpClient.java:339)
	at sun.net.www.http.HttpClient.New(HttpClient.java:357)
	at sun.net.www.protocol.http.HttpURLConnection.getNewHttpClient(HttpURLConnection.java:1228)
	at sun.net.www.protocol.http.HttpURLConnection.plainConnect0(HttpURLConnection.java:1162)
	at sun.net.www.protocol.http.HttpURLConnection.plainConnect(HttpURLConnection.java:1056)
	at sun.net.www.protocol.http.HttpURLConnection.connect(HttpURLConnection.java:990)
	at com.xxl.job.core.util.XxlJobRemotingUtil.postBody(XxlJobRemotingUtil.java:99)
	at com.xxl.job.core.biz.client.AdminBizClient.registry(AdminBizClient.java:42)
	at com.xxl.job.core.thread.ExecutorRegistryThread$1.run(ExecutorRegistryThread.java:48)
	at java.lang.Thread.run(Thread.java:750)
2023-02-13 15:15:51,456 ERROR [xxl-job, executor ExecutorRegistryThread][XxlJobRemotingUtil.java:143] - Connection refused: connect
java.net.ConnectException: Connection refused: connect
	at java.net.DualStackPlainSocketImpl.waitForConnect(Native Method)
	at java.net.DualStackPlainSocketImpl.socketConnect(DualStackPlainSocketImpl.java:85)
	at java.net.AbstractPlainSocketImpl.doConnect(AbstractPlainSocketImpl.java:350)
	at java.net.AbstractPlainSocketImpl.connectToAddress(AbstractPlainSocketImpl.java:206)
	at java.net.AbstractPlainSocketImpl.connect(AbstractPlainSocketImpl.java:188)
	at java.net.PlainSocketImpl.connect(PlainSocketImpl.java:172)
	at java.net.SocksSocketImpl.connect(SocksSocketImpl.java:392)
	at java.net.Socket.connect(Socket.java:607)
	at sun.net.NetworkClient.doConnect(NetworkClient.java:175)
	at sun.net.www.http.HttpClient.openServer(HttpClient.java:463)
	at sun.net.www.http.HttpClient.openServer(HttpClient.java:558)
	at sun.net.www.http.HttpClient.<init>(HttpClient.java:242)
	at sun.net.www.http.HttpClient.New(HttpClient.java:339)
	at sun.net.www.http.HttpClient.New(HttpClient.java:357)
	at sun.net.www.protocol.http.HttpURLConnection.getNewHttpClient(HttpURLConnection.java:1228)
	at sun.net.www.protocol.http.HttpURLConnection.plainConnect0(HttpURLConnection.java:1162)
	at sun.net.www.protocol.http.HttpURLConnection.plainConnect(HttpURLConnection.java:1056)
	at sun.net.www.protocol.http.HttpURLConnection.connect(HttpURLConnection.java:990)
	at com.xxl.job.core.util.XxlJobRemotingUtil.postBody(XxlJobRemotingUtil.java:99)
	at com.xxl.job.core.biz.client.AdminBizClient.registry(AdminBizClient.java:42)
	at com.xxl.job.core.thread.ExecutorRegistryThread$1.run(ExecutorRegistryThread.java:48)
	at java.lang.Thread.run(Thread.java:750)
2023-02-13 15:16:23,481 ERROR [xxl-job, executor ExecutorRegistryThread][XxlJobRemotingUtil.java:143] - Connection refused: connect
java.net.ConnectException: Connection refused: connect
	at java.net.DualStackPlainSocketImpl.waitForConnect(Native Method)
	at java.net.DualStackPlainSocketImpl.socketConnect(DualStackPlainSocketImpl.java:85)
	at java.net.AbstractPlainSocketImpl.doConnect(AbstractPlainSocketImpl.java:350)
	at java.net.AbstractPlainSocketImpl.connectToAddress(AbstractPlainSocketImpl.java:206)
	at java.net.AbstractPlainSocketImpl.connect(AbstractPlainSocketImpl.java:188)
	at java.net.PlainSocketImpl.connect(PlainSocketImpl.java:172)
	at java.net.SocksSocketImpl.connect(SocksSocketImpl.java:392)
	at java.net.Socket.connect(Socket.java:607)
	at sun.net.NetworkClient.doConnect(NetworkClient.java:175)
	at sun.net.www.http.HttpClient.openServer(HttpClient.java:463)
	at sun.net.www.http.HttpClient.openServer(HttpClient.java:558)
	at sun.net.www.http.HttpClient.<init>(HttpClient.java:242)
	at sun.net.www.http.HttpClient.New(HttpClient.java:339)
	at sun.net.www.http.HttpClient.New(HttpClient.java:357)
	at sun.net.www.protocol.http.HttpURLConnection.getNewHttpClient(HttpURLConnection.java:1228)
	at sun.net.www.protocol.http.HttpURLConnection.plainConnect0(HttpURLConnection.java:1162)
	at sun.net.www.protocol.http.HttpURLConnection.plainConnect(HttpURLConnection.java:1056)
	at sun.net.www.protocol.http.HttpURLConnection.connect(HttpURLConnection.java:990)
	at com.xxl.job.core.util.XxlJobRemotingUtil.postBody(XxlJobRemotingUtil.java:99)
	at com.xxl.job.core.biz.client.AdminBizClient.registry(AdminBizClient.java:42)
	at com.xxl.job.core.thread.ExecutorRegistryThread$1.run(ExecutorRegistryThread.java:48)
	at java.lang.Thread.run(Thread.java:750)
