2023-02-07 19:00:10,355 DEBUG [HikariPool-1 housekeeper][HikariPool.java:421] - HikariPool-1 - Pool stats (total=10, active=0, idle=10, waiting=0)
2023-02-07 19:00:10,355 DEBUG [HikariPool-1 housekeeper][HikariPool.java:421] - HikariPool-1 - Pool stats (total=10, active=0, idle=10, waiting=0)
2023-02-07 19:00:10,364 DEBUG [HikariPool-1 housekeeper][HikariPool.java:517] - HikariPool-1 - Fill pool skipped, pool is at sufficient level.
2023-02-07 19:00:10,364 DEBUG [HikariPool-1 housekeeper][HikariPool.java:517] - HikariPool-1 - Fill pool skipped, pool is at sufficient level.
2023-02-07 19:00:37,512 DEBUG [HikariPool-1 housekeeper][HikariPool.java:421] - HikariPool-1 - Pool stats (total=10, active=0, idle=10, waiting=0)
2023-02-07 19:00:37,512 DEBUG [HikariPool-1 housekeeper][HikariPool.java:421] - HikariPool-1 - Pool stats (total=10, active=0, idle=10, waiting=0)
2023-02-07 19:00:37,512 DEBUG [HikariPool-1 housekeeper][HikariPool.java:517] - HikariPool-1 - Fill pool skipped, pool is at sufficient level.
2023-02-07 19:00:37,512 DEBUG [HikariPool-1 housekeeper][HikariPool.java:517] - HikariPool-1 - Fill pool skipped, pool is at sufficient level.
2023-02-07 19:00:40,371 DEBUG [HikariPool-1 housekeeper][HikariPool.java:421] - HikariPool-1 - Pool stats (total=10, active=0, idle=10, waiting=0)
2023-02-07 19:00:40,371 DEBUG [HikariPool-1 housekeeper][HikariPool.java:421] - HikariPool-1 - Pool stats (total=10, active=0, idle=10, waiting=0)
2023-02-07 19:00:40,371 DEBUG [HikariPool-1 housekeeper][HikariPool.java:517] - HikariPool-1 - Fill pool skipped, pool is at sufficient level.
2023-02-07 19:00:40,371 DEBUG [HikariPool-1 housekeeper][HikariPool.java:517] - HikariPool-1 - Fill pool skipped, pool is at sufficient level.
2023-02-07 19:01:07,519 DEBUG [HikariPool-1 housekeeper][HikariPool.java:421] - HikariPool-1 - Pool stats (total=10, active=0, idle=10, waiting=0)
2023-02-07 19:01:07,519 DEBUG [HikariPool-1 housekeeper][HikariPool.java:421] - HikariPool-1 - Pool stats (total=10, active=0, idle=10, waiting=0)
2023-02-07 19:01:07,519 DEBUG [HikariPool-1 housekeeper][HikariPool.java:517] - HikariPool-1 - Fill pool skipped, pool is at sufficient level.
2023-02-07 19:01:07,519 DEBUG [HikariPool-1 housekeeper][HikariPool.java:517] - HikariPool-1 - Fill pool skipped, pool is at sufficient level.
2023-02-07 19:01:10,384 DEBUG [HikariPool-1 housekeeper][HikariPool.java:421] - HikariPool-1 - Pool stats (total=10, active=0, idle=10, waiting=0)
2023-02-07 19:01:10,384 DEBUG [HikariPool-1 housekeeper][HikariPool.java:421] - HikariPool-1 - Pool stats (total=10, active=0, idle=10, waiting=0)
2023-02-07 19:01:10,385 DEBUG [HikariPool-1 housekeeper][HikariPool.java:517] - HikariPool-1 - Fill pool skipped, pool is at sufficient level.
2023-02-07 19:01:10,385 DEBUG [HikariPool-1 housekeeper][HikariPool.java:517] - HikariPool-1 - Fill pool skipped, pool is at sufficient level.
2023-02-07 19:01:37,523 DEBUG [HikariPool-1 housekeeper][HikariPool.java:421] - HikariPool-1 - Pool stats (total=10, active=0, idle=10, waiting=0)
2023-02-07 19:01:37,523 DEBUG [HikariPool-1 housekeeper][HikariPool.java:421] - HikariPool-1 - Pool stats (total=10, active=0, idle=10, waiting=0)
2023-02-07 19:01:37,523 DEBUG [HikariPool-1 housekeeper][HikariPool.java:517] - HikariPool-1 - Fill pool skipped, pool is at sufficient level.
2023-02-07 19:01:37,523 DEBUG [HikariPool-1 housekeeper][HikariPool.java:517] - HikariPool-1 - Fill pool skipped, pool is at sufficient level.
2023-02-07 19:01:40,400 DEBUG [HikariPool-1 housekeeper][HikariPool.java:421] - HikariPool-1 - Pool stats (total=10, active=0, idle=10, waiting=0)
2023-02-07 19:01:40,400 DEBUG [HikariPool-1 housekeeper][HikariPool.java:421] - HikariPool-1 - Pool stats (total=10, active=0, idle=10, waiting=0)
2023-02-07 19:01:40,400 DEBUG [HikariPool-1 housekeeper][HikariPool.java:517] - HikariPool-1 - Fill pool skipped, pool is at sufficient level.
2023-02-07 19:01:40,400 DEBUG [HikariPool-1 housekeeper][HikariPool.java:517] - HikariPool-1 - Fill pool skipped, pool is at sufficient level.
2023-02-07 19:02:02,900 DEBUG [http-nio-63110-exec-5][BaseJdbcLogger.java:137] - ==>  Preparing: SELECT id,name,code,item_values FROM dictionary
2023-02-07 19:02:02,900 DEBUG [http-nio-63110-exec-5][BaseJdbcLogger.java:137] - ==>  Preparing: SELECT id,name,code,item_values FROM dictionary
2023-02-07 19:02:02,901 DEBUG [http-nio-63110-exec-5][BaseJdbcLogger.java:137] - ==> Parameters: 
2023-02-07 19:02:02,901 DEBUG [http-nio-63110-exec-5][BaseJdbcLogger.java:137] - ==> Parameters: 
2023-02-07 19:02:02,903 DEBUG [http-nio-63110-exec-5][BaseJdbcLogger.java:137] - <==      Total: 17
2023-02-07 19:02:02,903 DEBUG [http-nio-63110-exec-5][BaseJdbcLogger.java:137] - <==      Total: 17
2023-02-07 19:02:03,133 DEBUG [http-nio-63040-exec-1][BaseJdbcLogger.java:137] - ==>  Preparing: with recursive t1 as ( select * from course_category p where id= ? union all select t.* from course_category t inner join t1 on t1.id = t.parentid ) select * from t1 order by t1.id, t1.orderby
2023-02-07 19:02:03,133 DEBUG [http-nio-63040-exec-1][BaseJdbcLogger.java:137] - ==>  Preparing: with recursive t1 as ( select * from course_category p where id= ? union all select t.* from course_category t inner join t1 on t1.id = t.parentid ) select * from t1 order by t1.id, t1.orderby
2023-02-07 19:02:03,134 DEBUG [http-nio-63040-exec-2][BaseJdbcLogger.java:137] - ==>  Preparing: SELECT id,company_id,company_name,name,users,tags,mt,st,grade,teachmode,description,pic,create_date,change_date,create_people,change_people,audit_status,status FROM course_base WHERE id=?
2023-02-07 19:02:03,134 DEBUG [http-nio-63040-exec-2][BaseJdbcLogger.java:137] - ==>  Preparing: SELECT id,company_id,company_name,name,users,tags,mt,st,grade,teachmode,description,pic,create_date,change_date,create_people,change_people,audit_status,status FROM course_base WHERE id=?
2023-02-07 19:02:03,135 DEBUG [http-nio-63040-exec-1][BaseJdbcLogger.java:137] - ==> Parameters: 1(String)
2023-02-07 19:02:03,135 DEBUG [http-nio-63040-exec-2][BaseJdbcLogger.java:137] - ==> Parameters: 117(Long)
2023-02-07 19:02:03,135 DEBUG [http-nio-63040-exec-2][BaseJdbcLogger.java:137] - ==> Parameters: 117(Long)
2023-02-07 19:02:03,135 DEBUG [http-nio-63040-exec-1][BaseJdbcLogger.java:137] - ==> Parameters: 1(String)
2023-02-07 19:02:03,137 DEBUG [http-nio-63040-exec-2][BaseJdbcLogger.java:137] - <==      Total: 1
2023-02-07 19:02:03,137 DEBUG [http-nio-63040-exec-2][BaseJdbcLogger.java:137] - <==      Total: 1
2023-02-07 19:02:03,140 DEBUG [http-nio-63040-exec-2][BaseJdbcLogger.java:137] - ==>  Preparing: SELECT id,charge,price,original_price,qq,wechat,phone,valid_days FROM course_market WHERE id=?
2023-02-07 19:02:03,140 DEBUG [http-nio-63040-exec-2][BaseJdbcLogger.java:137] - ==>  Preparing: SELECT id,charge,price,original_price,qq,wechat,phone,valid_days FROM course_market WHERE id=?
2023-02-07 19:02:03,142 DEBUG [http-nio-63040-exec-2][BaseJdbcLogger.java:137] - ==> Parameters: 117(Long)
2023-02-07 19:02:03,142 DEBUG [http-nio-63040-exec-2][BaseJdbcLogger.java:137] - ==> Parameters: 117(Long)
2023-02-07 19:02:03,145 DEBUG [http-nio-63040-exec-2][BaseJdbcLogger.java:137] - <==      Total: 1
2023-02-07 19:02:03,145 DEBUG [http-nio-63040-exec-2][BaseJdbcLogger.java:137] - <==      Total: 1
2023-02-07 19:02:03,145 DEBUG [http-nio-63040-exec-2][BaseJdbcLogger.java:137] - ==>  Preparing: SELECT id,name,label,parentid,is_show,orderby,is_leaf FROM course_category WHERE id=?
2023-02-07 19:02:03,145 DEBUG [http-nio-63040-exec-2][BaseJdbcLogger.java:137] - ==>  Preparing: SELECT id,name,label,parentid,is_show,orderby,is_leaf FROM course_category WHERE id=?
2023-02-07 19:02:03,146 DEBUG [http-nio-63040-exec-2][BaseJdbcLogger.java:137] - ==> Parameters: 1-3(String)
2023-02-07 19:02:03,146 DEBUG [http-nio-63040-exec-1][BaseJdbcLogger.java:137] - <==      Total: 144
2023-02-07 19:02:03,146 DEBUG [http-nio-63040-exec-2][BaseJdbcLogger.java:137] - ==> Parameters: 1-3(String)
2023-02-07 19:02:03,146 DEBUG [http-nio-63040-exec-1][BaseJdbcLogger.java:137] - <==      Total: 144
2023-02-07 19:02:03,148 DEBUG [http-nio-63040-exec-2][BaseJdbcLogger.java:137] - <==      Total: 1
2023-02-07 19:02:03,148 DEBUG [http-nio-63040-exec-2][BaseJdbcLogger.java:137] - <==      Total: 1
2023-02-07 19:02:03,149 DEBUG [http-nio-63040-exec-2][BaseJdbcLogger.java:137] - ==>  Preparing: SELECT id,name,label,parentid,is_show,orderby,is_leaf FROM course_category WHERE id=?
2023-02-07 19:02:03,149 DEBUG [http-nio-63040-exec-2][BaseJdbcLogger.java:137] - ==>  Preparing: SELECT id,name,label,parentid,is_show,orderby,is_leaf FROM course_category WHERE id=?
2023-02-07 19:02:03,149 DEBUG [http-nio-63040-exec-2][BaseJdbcLogger.java:137] - ==> Parameters: 1-3-2(String)
2023-02-07 19:02:03,149 DEBUG [http-nio-63040-exec-2][BaseJdbcLogger.java:137] - ==> Parameters: 1-3-2(String)
2023-02-07 19:02:03,151 DEBUG [http-nio-63040-exec-2][BaseJdbcLogger.java:137] - <==      Total: 1
2023-02-07 19:02:03,151 DEBUG [http-nio-63040-exec-2][BaseJdbcLogger.java:137] - <==      Total: 1
2023-02-07 19:02:04,849 DEBUG [http-nio-63040-exec-3][BaseJdbcLogger.java:137] - ==>  Preparing: SELECT id,company_id,company_name,name,users,tags,mt,st,grade,teachmode,description,pic,create_date,change_date,create_people,change_people,audit_status,status FROM course_base WHERE id=?
2023-02-07 19:02:04,849 DEBUG [http-nio-63040-exec-3][BaseJdbcLogger.java:137] - ==>  Preparing: SELECT id,company_id,company_name,name,users,tags,mt,st,grade,teachmode,description,pic,create_date,change_date,create_people,change_people,audit_status,status FROM course_base WHERE id=?
2023-02-07 19:02:04,849 DEBUG [http-nio-63040-exec-3][BaseJdbcLogger.java:137] - ==> Parameters: 117(Long)
2023-02-07 19:02:04,849 DEBUG [http-nio-63040-exec-3][BaseJdbcLogger.java:137] - ==> Parameters: 117(Long)
2023-02-07 19:02:04,850 DEBUG [http-nio-63040-exec-3][BaseJdbcLogger.java:137] - <==      Total: 1
2023-02-07 19:02:04,850 DEBUG [http-nio-63040-exec-3][BaseJdbcLogger.java:137] - <==      Total: 1
2023-02-07 19:02:04,852 DEBUG [http-nio-63040-exec-3][BaseJdbcLogger.java:137] - ==>  Preparing: UPDATE course_base SET company_id=?, name=?, users=?, tags=?, mt=?, st=?, grade=?, teachmode=?, description=?, pic=?, create_date=?, change_date=?, audit_status=?, status=? WHERE id=?
2023-02-07 19:02:04,852 DEBUG [http-nio-63040-exec-3][BaseJdbcLogger.java:137] - ==>  Preparing: UPDATE course_base SET company_id=?, name=?, users=?, tags=?, mt=?, st=?, grade=?, teachmode=?, description=?, pic=?, create_date=?, change_date=?, audit_status=?, status=? WHERE id=?
2023-02-07 19:02:04,853 DEBUG [http-nio-63040-exec-3][BaseJdbcLogger.java:137] - ==> Parameters: 22(Long), Nacos微服务开发实战(String), 中高级Java开发工程师(String), (String), 1-3(String), 1-3-2(String), 204002(String), 200002(String), Nacos 是阿里巴巴推出来的一个新开源项目，这是一个更易于构建云原生应用的动态服务发现、配置管理和服务管理平台。

Nacos 致力于帮助您发现、配置和管理微服务。Nacos 提供了一组简单易用的特性集，帮助您快速实现动态服务发现、服务配置、服务元数据及流量管理。

Nacos 帮助您更敏捷和容易地构建、交付和管理微服务平台。 Nacos 是构建以“服务”为中心的现代应用架构 (例如微服务范式、云原生范式) 的服务基础设施

Nacos 支持如下核心特性：

1）服务发现： 支持 DNS 与 RPC 服务发现，也提供原生 SDK 、OpenAPI 等多种服务注册方式和 DNS、HTTP 与 API 等多种服务发现方式。
2）服务健康监测： Nacos 提供对服务的实时的健康检查，阻止向不健康的主机或服务实例发送请求。
3）动态配置服务： Nacos 提供配置统一管理功能，能够帮助我们将配置以中心化、外部化和动态化的方式管理所有环境的应用配置和服务配置。
4）动态 DNS 服务： Nacos 支持动态 DNS 服务权重路由，能够让我们很容易地实现中间层负载均衡、更灵活的路由策略、流量控制以及数据中心内网的简单 DNS 解析服务。
5）服务及其元数据管理： Nacos 支持从微服务平台建设的视角管理数据中心的所有服务及元数据，包括管理服务的描述、生命周期、服务的静态依赖分析、服务的健康状态、服务的流量管理、路由及安全策略、服务的 SLA 以及最首要的 metrics 统计数据。(String), /mediafiles/2022/10/04/8026f17cf7b8697eccec2c8406d0c96c.png(String), 2022-10-04T18:58:11(LocalDateTime), 2023-02-07T19:02:04.852(LocalDateTime), 202004(String), 203002(String), 117(Long)
2023-02-07 19:02:04,853 DEBUG [http-nio-63040-exec-3][BaseJdbcLogger.java:137] - ==> Parameters: 22(Long), Nacos微服务开发实战(String), 中高级Java开发工程师(String), (String), 1-3(String), 1-3-2(String), 204002(String), 200002(String), Nacos 是阿里巴巴推出来的一个新开源项目，这是一个更易于构建云原生应用的动态服务发现、配置管理和服务管理平台。

Nacos 致力于帮助您发现、配置和管理微服务。Nacos 提供了一组简单易用的特性集，帮助您快速实现动态服务发现、服务配置、服务元数据及流量管理。

Nacos 帮助您更敏捷和容易地构建、交付和管理微服务平台。 Nacos 是构建以“服务”为中心的现代应用架构 (例如微服务范式、云原生范式) 的服务基础设施

Nacos 支持如下核心特性：

1）服务发现： 支持 DNS 与 RPC 服务发现，也提供原生 SDK 、OpenAPI 等多种服务注册方式和 DNS、HTTP 与 API 等多种服务发现方式。
2）服务健康监测： Nacos 提供对服务的实时的健康检查，阻止向不健康的主机或服务实例发送请求。
3）动态配置服务： Nacos 提供配置统一管理功能，能够帮助我们将配置以中心化、外部化和动态化的方式管理所有环境的应用配置和服务配置。
4）动态 DNS 服务： Nacos 支持动态 DNS 服务权重路由，能够让我们很容易地实现中间层负载均衡、更灵活的路由策略、流量控制以及数据中心内网的简单 DNS 解析服务。
5）服务及其元数据管理： Nacos 支持从微服务平台建设的视角管理数据中心的所有服务及元数据，包括管理服务的描述、生命周期、服务的静态依赖分析、服务的健康状态、服务的流量管理、路由及安全策略、服务的 SLA 以及最首要的 metrics 统计数据。(String), /mediafiles/2022/10/04/8026f17cf7b8697eccec2c8406d0c96c.png(String), 2022-10-04T18:58:11(LocalDateTime), 2023-02-07T19:02:04.852(LocalDateTime), 202004(String), 203002(String), 117(Long)
2023-02-07 19:02:04,856 DEBUG [http-nio-63040-exec-3][BaseJdbcLogger.java:137] - <==    Updates: 1
2023-02-07 19:02:04,856 DEBUG [http-nio-63040-exec-3][BaseJdbcLogger.java:137] - <==    Updates: 1
2023-02-07 19:02:04,857 DEBUG [http-nio-63040-exec-3][BaseJdbcLogger.java:137] - ==>  Preparing: SELECT id,charge,price,original_price,qq,wechat,phone,valid_days FROM course_market WHERE id=?
2023-02-07 19:02:04,857 DEBUG [http-nio-63040-exec-3][BaseJdbcLogger.java:137] - ==>  Preparing: SELECT id,charge,price,original_price,qq,wechat,phone,valid_days FROM course_market WHERE id=?
2023-02-07 19:02:04,857 DEBUG [http-nio-63040-exec-3][BaseJdbcLogger.java:137] - ==> Parameters: 117(Long)
2023-02-07 19:02:04,857 DEBUG [http-nio-63040-exec-3][BaseJdbcLogger.java:137] - ==> Parameters: 117(Long)
2023-02-07 19:02:04,858 DEBUG [http-nio-63040-exec-3][BaseJdbcLogger.java:137] - <==      Total: 1
2023-02-07 19:02:04,858 DEBUG [http-nio-63040-exec-3][BaseJdbcLogger.java:137] - <==      Total: 1
2023-02-07 19:02:04,859 DEBUG [http-nio-63040-exec-3][BaseJdbcLogger.java:137] - ==>  Preparing: UPDATE course_market SET charge=?, price=?, original_price=?, qq=?, wechat=?, phone=?, valid_days=? WHERE id=?
2023-02-07 19:02:04,859 DEBUG [http-nio-63040-exec-3][BaseJdbcLogger.java:137] - ==>  Preparing: UPDATE course_market SET charge=?, price=?, original_price=?, qq=?, wechat=?, phone=?, valid_days=? WHERE id=?
2023-02-07 19:02:04,860 DEBUG [http-nio-63040-exec-3][BaseJdbcLogger.java:137] - ==> Parameters: 201001(String), 1.0(Float), 198.0(Float), 24965575(String), 24965575(String), 24965575(String), 365(Integer), 117(Long)
2023-02-07 19:02:04,860 DEBUG [http-nio-63040-exec-3][BaseJdbcLogger.java:137] - ==> Parameters: 201001(String), 1.0(Float), 198.0(Float), 24965575(String), 24965575(String), 24965575(String), 365(Integer), 117(Long)
2023-02-07 19:02:04,861 DEBUG [http-nio-63040-exec-3][BaseJdbcLogger.java:137] - <==    Updates: 1
2023-02-07 19:02:04,861 DEBUG [http-nio-63040-exec-3][BaseJdbcLogger.java:137] - <==    Updates: 1
2023-02-07 19:02:04,861 DEBUG [http-nio-63040-exec-3][BaseJdbcLogger.java:137] - ==>  Preparing: SELECT id,company_id,company_name,name,users,tags,mt,st,grade,teachmode,description,pic,create_date,change_date,create_people,change_people,audit_status,status FROM course_base WHERE id=?
2023-02-07 19:02:04,861 DEBUG [http-nio-63040-exec-3][BaseJdbcLogger.java:137] - ==>  Preparing: SELECT id,company_id,company_name,name,users,tags,mt,st,grade,teachmode,description,pic,create_date,change_date,create_people,change_people,audit_status,status FROM course_base WHERE id=?
2023-02-07 19:02:04,862 DEBUG [http-nio-63040-exec-3][BaseJdbcLogger.java:137] - ==> Parameters: 117(Long)
2023-02-07 19:02:04,862 DEBUG [http-nio-63040-exec-3][BaseJdbcLogger.java:137] - ==> Parameters: 117(Long)
2023-02-07 19:02:04,863 DEBUG [http-nio-63040-exec-3][BaseJdbcLogger.java:137] - <==      Total: 1
2023-02-07 19:02:04,863 DEBUG [http-nio-63040-exec-3][BaseJdbcLogger.java:137] - <==      Total: 1
2023-02-07 19:02:04,863 DEBUG [http-nio-63040-exec-3][BaseJdbcLogger.java:137] - ==>  Preparing: SELECT id,charge,price,original_price,qq,wechat,phone,valid_days FROM course_market WHERE id=?
2023-02-07 19:02:04,863 DEBUG [http-nio-63040-exec-3][BaseJdbcLogger.java:137] - ==>  Preparing: SELECT id,charge,price,original_price,qq,wechat,phone,valid_days FROM course_market WHERE id=?
2023-02-07 19:02:04,863 DEBUG [http-nio-63040-exec-3][BaseJdbcLogger.java:137] - ==> Parameters: 117(Long)
2023-02-07 19:02:04,863 DEBUG [http-nio-63040-exec-3][BaseJdbcLogger.java:137] - ==> Parameters: 117(Long)
2023-02-07 19:02:04,864 DEBUG [http-nio-63040-exec-3][BaseJdbcLogger.java:137] - <==      Total: 1
2023-02-07 19:02:04,864 DEBUG [http-nio-63040-exec-3][BaseJdbcLogger.java:137] - <==      Total: 1
2023-02-07 19:02:04,865 DEBUG [http-nio-63040-exec-3][BaseJdbcLogger.java:137] - ==>  Preparing: SELECT id,name,label,parentid,is_show,orderby,is_leaf FROM course_category WHERE id=?
2023-02-07 19:02:04,865 DEBUG [http-nio-63040-exec-3][BaseJdbcLogger.java:137] - ==>  Preparing: SELECT id,name,label,parentid,is_show,orderby,is_leaf FROM course_category WHERE id=?
2023-02-07 19:02:04,866 DEBUG [http-nio-63040-exec-3][BaseJdbcLogger.java:137] - ==> Parameters: 1-3(String)
2023-02-07 19:02:04,866 DEBUG [http-nio-63040-exec-3][BaseJdbcLogger.java:137] - ==> Parameters: 1-3(String)
2023-02-07 19:02:04,866 DEBUG [http-nio-63040-exec-3][BaseJdbcLogger.java:137] - <==      Total: 1
2023-02-07 19:02:04,866 DEBUG [http-nio-63040-exec-3][BaseJdbcLogger.java:137] - <==      Total: 1
2023-02-07 19:02:04,867 DEBUG [http-nio-63040-exec-3][BaseJdbcLogger.java:137] - ==>  Preparing: SELECT id,name,label,parentid,is_show,orderby,is_leaf FROM course_category WHERE id=?
2023-02-07 19:02:04,867 DEBUG [http-nio-63040-exec-3][BaseJdbcLogger.java:137] - ==>  Preparing: SELECT id,name,label,parentid,is_show,orderby,is_leaf FROM course_category WHERE id=?
2023-02-07 19:02:04,867 DEBUG [http-nio-63040-exec-3][BaseJdbcLogger.java:137] - ==> Parameters: 1-3-2(String)
2023-02-07 19:02:04,867 DEBUG [http-nio-63040-exec-3][BaseJdbcLogger.java:137] - ==> Parameters: 1-3-2(String)
2023-02-07 19:02:04,868 DEBUG [http-nio-63040-exec-3][BaseJdbcLogger.java:137] - <==      Total: 1
2023-02-07 19:02:04,868 DEBUG [http-nio-63040-exec-3][BaseJdbcLogger.java:137] - <==      Total: 1
2023-02-07 19:02:04,880 DEBUG [http-nio-63040-exec-4][BaseJdbcLogger.java:137] - ==>  Preparing: SELECT one.id one_id, one.pname one_pname, one.parentid one_parentid, one.grade one_grade, one.media_type one_mediaType, one.start_time one_stratTime, one.end_time one_endTime, one.orderby one_orderby, one.course_id one_courseId, one.course_pub_id one_coursePubId, two.id two_id, two.pname two_pname, two.parentid two_parentid, two.grade two_grade, two.media_type two_mediaType, two.start_time two_stratTime, two.end_time two_endTime, two.orderby two_orderby, two.course_id two_courseId, two.course_pub_id two_coursePubId, m.media_fileName mediaFilename, m.id teachplanMeidaId, m.media_id mediaId FROM teachplan one INNER JOIN teachplan two ON two.parentid = one.id LEFT JOIN teachplan_media m ON m.teachplan_id = two.id WHERE one.parentid='0' and one.course_id = ? ORDER BY one.orderby, two.orderby
2023-02-07 19:02:04,880 DEBUG [http-nio-63040-exec-4][BaseJdbcLogger.java:137] - ==>  Preparing: SELECT one.id one_id, one.pname one_pname, one.parentid one_parentid, one.grade one_grade, one.media_type one_mediaType, one.start_time one_stratTime, one.end_time one_endTime, one.orderby one_orderby, one.course_id one_courseId, one.course_pub_id one_coursePubId, two.id two_id, two.pname two_pname, two.parentid two_parentid, two.grade two_grade, two.media_type two_mediaType, two.start_time two_stratTime, two.end_time two_endTime, two.orderby two_orderby, two.course_id two_courseId, two.course_pub_id two_coursePubId, m.media_fileName mediaFilename, m.id teachplanMeidaId, m.media_id mediaId FROM teachplan one INNER JOIN teachplan two ON two.parentid = one.id LEFT JOIN teachplan_media m ON m.teachplan_id = two.id WHERE one.parentid='0' and one.course_id = ? ORDER BY one.orderby, two.orderby
2023-02-07 19:02:04,881 DEBUG [http-nio-63040-exec-4][BaseJdbcLogger.java:137] - ==> Parameters: 117(Long)
2023-02-07 19:02:04,881 DEBUG [http-nio-63040-exec-4][BaseJdbcLogger.java:137] - ==> Parameters: 117(Long)
2023-02-07 19:02:04,884 DEBUG [http-nio-63040-exec-4][BaseJdbcLogger.java:137] - <==      Total: 9
2023-02-07 19:02:04,884 DEBUG [http-nio-63040-exec-4][BaseJdbcLogger.java:137] - <==      Total: 9
2023-02-07 19:02:04,884 DEBUG [http-nio-63040-exec-4][BaseJdbcLogger.java:137] - ==>  Preparing: SELECT one.id one_id, one.pname one_pname, one.parentid one_parentid, one.grade one_grade, one.media_type one_mediaType, one.start_time one_stratTime, one.end_time one_endTime, one.orderby one_orderby, one.course_id one_courseId, one.course_pub_id one_coursePubId, two.id two_id, two.pname two_pname, two.parentid two_parentid, two.grade two_grade, two.media_type two_mediaType, two.start_time two_stratTime, two.end_time two_endTime, two.orderby two_orderby, two.course_id two_courseId, two.course_pub_id two_coursePubId, m.media_fileName mediaFilename, m.id teachplanMeidaId, m.media_id mediaId FROM teachplan one INNER JOIN teachplan two ON two.parentid = one.id LEFT JOIN teachplan_media m ON m.teachplan_id = two.id WHERE one.parentid='0' and one.course_id = ? ORDER BY one.orderby, two.orderby
2023-02-07 19:02:04,884 DEBUG [http-nio-63040-exec-4][BaseJdbcLogger.java:137] - ==>  Preparing: SELECT one.id one_id, one.pname one_pname, one.parentid one_parentid, one.grade one_grade, one.media_type one_mediaType, one.start_time one_stratTime, one.end_time one_endTime, one.orderby one_orderby, one.course_id one_courseId, one.course_pub_id one_coursePubId, two.id two_id, two.pname two_pname, two.parentid two_parentid, two.grade two_grade, two.media_type two_mediaType, two.start_time two_stratTime, two.end_time two_endTime, two.orderby two_orderby, two.course_id two_courseId, two.course_pub_id two_coursePubId, m.media_fileName mediaFilename, m.id teachplanMeidaId, m.media_id mediaId FROM teachplan one INNER JOIN teachplan two ON two.parentid = one.id LEFT JOIN teachplan_media m ON m.teachplan_id = two.id WHERE one.parentid='0' and one.course_id = ? ORDER BY one.orderby, two.orderby
2023-02-07 19:02:04,885 DEBUG [http-nio-63040-exec-4][BaseJdbcLogger.java:137] - ==> Parameters: 117(Long)
2023-02-07 19:02:04,885 DEBUG [http-nio-63040-exec-4][BaseJdbcLogger.java:137] - ==> Parameters: 117(Long)
2023-02-07 19:02:04,887 DEBUG [http-nio-63040-exec-4][BaseJdbcLogger.java:137] - <==      Total: 9
2023-02-07 19:02:04,887 DEBUG [http-nio-63040-exec-4][BaseJdbcLogger.java:137] - <==      Total: 9
2023-02-07 19:02:07,538 DEBUG [HikariPool-1 housekeeper][HikariPool.java:421] - HikariPool-1 - Pool stats (total=10, active=0, idle=10, waiting=0)
2023-02-07 19:02:07,538 DEBUG [HikariPool-1 housekeeper][HikariPool.java:421] - HikariPool-1 - Pool stats (total=10, active=0, idle=10, waiting=0)
2023-02-07 19:02:07,538 DEBUG [HikariPool-1 housekeeper][HikariPool.java:517] - HikariPool-1 - Fill pool skipped, pool is at sufficient level.
2023-02-07 19:02:07,538 DEBUG [HikariPool-1 housekeeper][HikariPool.java:517] - HikariPool-1 - Fill pool skipped, pool is at sufficient level.
2023-02-07 19:02:10,412 DEBUG [HikariPool-1 housekeeper][HikariPool.java:421] - HikariPool-1 - Pool stats (total=10, active=0, idle=10, waiting=0)
2023-02-07 19:02:10,412 DEBUG [HikariPool-1 housekeeper][HikariPool.java:421] - HikariPool-1 - Pool stats (total=10, active=0, idle=10, waiting=0)
2023-02-07 19:02:10,412 DEBUG [HikariPool-1 housekeeper][HikariPool.java:517] - HikariPool-1 - Fill pool skipped, pool is at sufficient level.
2023-02-07 19:02:10,412 DEBUG [HikariPool-1 housekeeper][HikariPool.java:517] - HikariPool-1 - Fill pool skipped, pool is at sufficient level.
2023-02-07 19:02:37,541 DEBUG [HikariPool-1 housekeeper][HikariPool.java:421] - HikariPool-1 - Pool stats (total=10, active=0, idle=10, waiting=0)
2023-02-07 19:02:37,541 DEBUG [HikariPool-1 housekeeper][HikariPool.java:421] - HikariPool-1 - Pool stats (total=10, active=0, idle=10, waiting=0)
2023-02-07 19:02:37,541 DEBUG [HikariPool-1 housekeeper][HikariPool.java:517] - HikariPool-1 - Fill pool skipped, pool is at sufficient level.
2023-02-07 19:02:37,541 DEBUG [HikariPool-1 housekeeper][HikariPool.java:517] - HikariPool-1 - Fill pool skipped, pool is at sufficient level.
2023-02-07 19:02:40,425 DEBUG [HikariPool-1 housekeeper][HikariPool.java:421] - HikariPool-1 - Pool stats (total=10, active=0, idle=10, waiting=0)
2023-02-07 19:02:40,425 DEBUG [HikariPool-1 housekeeper][HikariPool.java:421] - HikariPool-1 - Pool stats (total=10, active=0, idle=10, waiting=0)
2023-02-07 19:02:40,425 DEBUG [HikariPool-1 housekeeper][HikariPool.java:517] - HikariPool-1 - Fill pool skipped, pool is at sufficient level.
2023-02-07 19:02:40,425 DEBUG [HikariPool-1 housekeeper][HikariPool.java:517] - HikariPool-1 - Fill pool skipped, pool is at sufficient level.
2023-02-07 19:03:07,541 DEBUG [HikariPool-1 housekeeper][HikariPool.java:421] - HikariPool-1 - Pool stats (total=10, active=0, idle=10, waiting=0)
2023-02-07 19:03:07,541 DEBUG [HikariPool-1 housekeeper][HikariPool.java:421] - HikariPool-1 - Pool stats (total=10, active=0, idle=10, waiting=0)
2023-02-07 19:03:07,541 DEBUG [HikariPool-1 housekeeper][HikariPool.java:517] - HikariPool-1 - Fill pool skipped, pool is at sufficient level.
2023-02-07 19:03:07,541 DEBUG [HikariPool-1 housekeeper][HikariPool.java:517] - HikariPool-1 - Fill pool skipped, pool is at sufficient level.
2023-02-07 19:03:10,427 DEBUG [HikariPool-1 housekeeper][HikariPool.java:421] - HikariPool-1 - Pool stats (total=10, active=0, idle=10, waiting=0)
2023-02-07 19:03:10,427 DEBUG [HikariPool-1 housekeeper][HikariPool.java:421] - HikariPool-1 - Pool stats (total=10, active=0, idle=10, waiting=0)
2023-02-07 19:03:10,427 DEBUG [HikariPool-1 housekeeper][HikariPool.java:517] - HikariPool-1 - Fill pool skipped, pool is at sufficient level.
2023-02-07 19:03:10,427 DEBUG [HikariPool-1 housekeeper][HikariPool.java:517] - HikariPool-1 - Fill pool skipped, pool is at sufficient level.
2023-02-07 19:03:37,547 DEBUG [HikariPool-1 housekeeper][HikariPool.java:421] - HikariPool-1 - Pool stats (total=10, active=0, idle=10, waiting=0)
2023-02-07 19:03:37,547 DEBUG [HikariPool-1 housekeeper][HikariPool.java:421] - HikariPool-1 - Pool stats (total=10, active=0, idle=10, waiting=0)
2023-02-07 19:03:37,547 DEBUG [HikariPool-1 housekeeper][HikariPool.java:517] - HikariPool-1 - Fill pool skipped, pool is at sufficient level.
2023-02-07 19:03:37,547 DEBUG [HikariPool-1 housekeeper][HikariPool.java:517] - HikariPool-1 - Fill pool skipped, pool is at sufficient level.
2023-02-07 19:03:40,434 DEBUG [HikariPool-1 housekeeper][HikariPool.java:421] - HikariPool-1 - Pool stats (total=10, active=0, idle=10, waiting=0)
2023-02-07 19:03:40,434 DEBUG [HikariPool-1 housekeeper][HikariPool.java:421] - HikariPool-1 - Pool stats (total=10, active=0, idle=10, waiting=0)
2023-02-07 19:03:40,435 DEBUG [HikariPool-1 housekeeper][HikariPool.java:517] - HikariPool-1 - Fill pool skipped, pool is at sufficient level.
2023-02-07 19:03:40,435 DEBUG [HikariPool-1 housekeeper][HikariPool.java:517] - HikariPool-1 - Fill pool skipped, pool is at sufficient level.
2023-02-07 19:04:07,558 DEBUG [HikariPool-1 housekeeper][HikariPool.java:421] - HikariPool-1 - Pool stats (total=10, active=0, idle=10, waiting=0)
2023-02-07 19:04:07,558 DEBUG [HikariPool-1 housekeeper][HikariPool.java:421] - HikariPool-1 - Pool stats (total=10, active=0, idle=10, waiting=0)
2023-02-07 19:04:07,558 DEBUG [HikariPool-1 housekeeper][HikariPool.java:517] - HikariPool-1 - Fill pool skipped, pool is at sufficient level.
2023-02-07 19:04:07,558 DEBUG [HikariPool-1 housekeeper][HikariPool.java:517] - HikariPool-1 - Fill pool skipped, pool is at sufficient level.
2023-02-07 19:04:10,445 DEBUG [HikariPool-1 housekeeper][HikariPool.java:421] - HikariPool-1 - Pool stats (total=10, active=0, idle=10, waiting=0)
2023-02-07 19:04:10,445 DEBUG [HikariPool-1 housekeeper][HikariPool.java:421] - HikariPool-1 - Pool stats (total=10, active=0, idle=10, waiting=0)
2023-02-07 19:04:10,445 DEBUG [HikariPool-1 housekeeper][HikariPool.java:517] - HikariPool-1 - Fill pool skipped, pool is at sufficient level.
2023-02-07 19:04:10,445 DEBUG [HikariPool-1 housekeeper][HikariPool.java:517] - HikariPool-1 - Fill pool skipped, pool is at sufficient level.
2023-02-07 19:04:37,568 DEBUG [HikariPool-1 housekeeper][HikariPool.java:421] - HikariPool-1 - Pool stats (total=10, active=0, idle=10, waiting=0)
2023-02-07 19:04:37,568 DEBUG [HikariPool-1 housekeeper][HikariPool.java:421] - HikariPool-1 - Pool stats (total=10, active=0, idle=10, waiting=0)
2023-02-07 19:04:37,568 DEBUG [HikariPool-1 housekeeper][HikariPool.java:517] - HikariPool-1 - Fill pool skipped, pool is at sufficient level.
2023-02-07 19:04:37,568 DEBUG [HikariPool-1 housekeeper][HikariPool.java:517] - HikariPool-1 - Fill pool skipped, pool is at sufficient level.
2023-02-07 19:04:40,459 DEBUG [HikariPool-1 housekeeper][HikariPool.java:421] - HikariPool-1 - Pool stats (total=10, active=0, idle=10, waiting=0)
2023-02-07 19:04:40,459 DEBUG [HikariPool-1 housekeeper][HikariPool.java:421] - HikariPool-1 - Pool stats (total=10, active=0, idle=10, waiting=0)
2023-02-07 19:04:40,459 DEBUG [HikariPool-1 housekeeper][HikariPool.java:517] - HikariPool-1 - Fill pool skipped, pool is at sufficient level.
2023-02-07 19:04:40,459 DEBUG [HikariPool-1 housekeeper][HikariPool.java:517] - HikariPool-1 - Fill pool skipped, pool is at sufficient level.
2023-02-07 19:05:07,576 DEBUG [HikariPool-1 housekeeper][HikariPool.java:421] - HikariPool-1 - Pool stats (total=10, active=0, idle=10, waiting=0)
2023-02-07 19:05:07,576 DEBUG [HikariPool-1 housekeeper][HikariPool.java:421] - HikariPool-1 - Pool stats (total=10, active=0, idle=10, waiting=0)
2023-02-07 19:05:07,576 DEBUG [HikariPool-1 housekeeper][HikariPool.java:517] - HikariPool-1 - Fill pool skipped, pool is at sufficient level.
2023-02-07 19:05:07,576 DEBUG [HikariPool-1 housekeeper][HikariPool.java:517] - HikariPool-1 - Fill pool skipped, pool is at sufficient level.
2023-02-07 19:05:10,469 DEBUG [HikariPool-1 housekeeper][HikariPool.java:421] - HikariPool-1 - Pool stats (total=10, active=0, idle=10, waiting=0)
2023-02-07 19:05:10,469 DEBUG [HikariPool-1 housekeeper][HikariPool.java:421] - HikariPool-1 - Pool stats (total=10, active=0, idle=10, waiting=0)
2023-02-07 19:05:10,469 DEBUG [HikariPool-1 housekeeper][HikariPool.java:517] - HikariPool-1 - Fill pool skipped, pool is at sufficient level.
2023-02-07 19:05:10,469 DEBUG [HikariPool-1 housekeeper][HikariPool.java:517] - HikariPool-1 - Fill pool skipped, pool is at sufficient level.
