2023-02-09 12:00:00,902 DEBUG [com.alibaba.nacos.client.naming.updater][NacosRestTemplate.java:476] - HTTP method: GET, url: http://123.57.146.121:8848/nacos/v1/ns/instance/list?app=unknown&healthyOnly=false&namespaceId=dev&clientIP=10.28.236.59&serviceName=xuecheng-plus-project%40%40content-api&udpPort=52150&clusters=DEFAULT, body: {}
2023-02-09 12:00:00,902 DEBUG [com.alibaba.nacos.client.naming.updater][NacosRestTemplate.java:476] - HTTP method: GET, url: http://123.57.146.121:8848/nacos/v1/ns/instance/list?app=unknown&healthyOnly=false&namespaceId=dev&clientIP=10.28.236.59&serviceName=xuecheng-plus-project%40%40content-api&udpPort=52150&clusters=DEFAULT, body: {}
2023-02-09 12:00:01,084 INFO [main][TomcatWebServer.java:108] - Tomcat initialized with port(s): 63050 (http)
2023-02-09 12:00:01,084 INFO [main][TomcatWebServer.java:108] - Tomcat initialized with port(s): 63050 (http)
2023-02-09 12:00:01,084 INFO [main][DirectJDKLog.java:173] - Initializing ProtocolHandler ["http-nio-63050"]
2023-02-09 12:00:01,084 INFO [main][DirectJDKLog.java:173] - Initializing ProtocolHandler ["http-nio-63050"]
2023-02-09 12:00:01,084 INFO [main][DirectJDKLog.java:173] - Starting service [Tomcat]
2023-02-09 12:00:01,084 INFO [main][DirectJDKLog.java:173] - Starting service [Tomcat]
2023-02-09 12:00:01,084 INFO [main][DirectJDKLog.java:173] - Starting Servlet engine: [Apache Tomcat/9.0.41]
2023-02-09 12:00:01,084 INFO [main][DirectJDKLog.java:173] - Starting Servlet engine: [Apache Tomcat/9.0.41]
2023-02-09 12:00:01,220 INFO [main][DirectJDKLog.java:173] - Initializing Spring embedded WebApplicationContext
2023-02-09 12:00:01,220 INFO [main][DirectJDKLog.java:173] - Initializing Spring embedded WebApplicationContext
2023-02-09 12:00:01,220 INFO [main][ServletWebServerApplicationContext.java:285] - Root WebApplicationContext: initialization completed in 1301 ms
2023-02-09 12:00:01,220 INFO [main][ServletWebServerApplicationContext.java:285] - Root WebApplicationContext: initialization completed in 1301 ms
2023-02-09 12:00:01,266 DEBUG [com.alibaba.nacos.client.naming.updater][NacosRestTemplate.java:476] - HTTP method: GET, url: http://123.57.146.121:8848/nacos/v1/ns/instance/list?app=unknown&healthyOnly=false&namespaceId=dev&clientIP=10.28.236.59&serviceName=xuecheng-plus-project%40%40gateway&udpPort=63799&clusters=DEFAULT, body: {}
2023-02-09 12:00:01,266 DEBUG [com.alibaba.nacos.client.naming.updater][NacosRestTemplate.java:476] - HTTP method: GET, url: http://123.57.146.121:8848/nacos/v1/ns/instance/list?app=unknown&healthyOnly=false&namespaceId=dev&clientIP=10.28.236.59&serviceName=xuecheng-plus-project%40%40gateway&udpPort=63799&clusters=DEFAULT, body: {}
2023-02-09 12:00:01,356 DEBUG [main][HikariConfig.java:946] - Driver class com.mysql.cj.jdbc.Driver found in Thread context class loader sun.misc.Launcher$AppClassLoader@18b4aac2
2023-02-09 12:00:01,356 DEBUG [main][HikariConfig.java:946] - Driver class com.mysql.cj.jdbc.Driver found in Thread context class loader sun.misc.Launcher$AppClassLoader@18b4aac2
2023-02-09 12:00:01,417 DEBUG [main][Logger.java:49] - Registered plugin: 'com.baomidou.mybatisplus.extension.plugins.MybatisPlusInterceptor@3138953b'
2023-02-09 12:00:01,417 DEBUG [main][Logger.java:49] - Registered plugin: 'com.baomidou.mybatisplus.extension.plugins.MybatisPlusInterceptor@3138953b'
2023-02-09 12:00:01,417 DEBUG [main][Logger.java:49] - Property 'mapperLocations' was not specified.
2023-02-09 12:00:01,417 DEBUG [main][Logger.java:49] - Property 'mapperLocations' was not specified.
2023-02-09 12:00:02,080 DEBUG [main][MybatisConfiguration.java:128] - addMappedStatement: com.xuecheng.media.mapper.MediaFilesMapper.insert
2023-02-09 12:00:02,080 DEBUG [main][MybatisConfiguration.java:128] - addMappedStatement: com.xuecheng.media.mapper.MediaFilesMapper.insert
2023-02-09 12:00:02,080 DEBUG [main][MybatisConfiguration.java:128] - addMappedStatement: com.xuecheng.media.mapper.MediaFilesMapper.delete
2023-02-09 12:00:02,080 DEBUG [main][MybatisConfiguration.java:128] - addMappedStatement: com.xuecheng.media.mapper.MediaFilesMapper.delete
2023-02-09 12:00:02,095 DEBUG [main][MybatisConfiguration.java:128] - addMappedStatement: com.xuecheng.media.mapper.MediaFilesMapper.deleteByMap
2023-02-09 12:00:02,095 DEBUG [main][MybatisConfiguration.java:128] - addMappedStatement: com.xuecheng.media.mapper.MediaFilesMapper.deleteByMap
2023-02-09 12:00:02,110 DEBUG [main][MybatisConfiguration.java:128] - addMappedStatement: com.xuecheng.media.mapper.MediaFilesMapper.deleteById
2023-02-09 12:00:02,110 DEBUG [main][MybatisConfiguration.java:128] - addMappedStatement: com.xuecheng.media.mapper.MediaFilesMapper.deleteById
2023-02-09 12:00:02,110 DEBUG [main][MybatisConfiguration.java:128] - addMappedStatement: com.xuecheng.media.mapper.MediaFilesMapper.deleteBatchIds
2023-02-09 12:00:02,110 DEBUG [main][MybatisConfiguration.java:128] - addMappedStatement: com.xuecheng.media.mapper.MediaFilesMapper.deleteBatchIds
2023-02-09 12:00:02,110 DEBUG [main][MybatisConfiguration.java:128] - addMappedStatement: com.xuecheng.media.mapper.MediaFilesMapper.update
2023-02-09 12:00:02,110 DEBUG [main][MybatisConfiguration.java:128] - addMappedStatement: com.xuecheng.media.mapper.MediaFilesMapper.update
2023-02-09 12:00:02,110 DEBUG [main][MybatisConfiguration.java:128] - addMappedStatement: com.xuecheng.media.mapper.MediaFilesMapper.updateById
2023-02-09 12:00:02,110 DEBUG [main][MybatisConfiguration.java:128] - addMappedStatement: com.xuecheng.media.mapper.MediaFilesMapper.updateById
2023-02-09 12:00:02,110 DEBUG [main][MybatisConfiguration.java:128] - addMappedStatement: com.xuecheng.media.mapper.MediaFilesMapper.selectById
2023-02-09 12:00:02,110 DEBUG [main][MybatisConfiguration.java:128] - addMappedStatement: com.xuecheng.media.mapper.MediaFilesMapper.selectById
2023-02-09 12:00:02,125 DEBUG [main][MybatisConfiguration.java:128] - addMappedStatement: com.xuecheng.media.mapper.MediaFilesMapper.selectBatchIds
2023-02-09 12:00:02,125 DEBUG [main][MybatisConfiguration.java:128] - addMappedStatement: com.xuecheng.media.mapper.MediaFilesMapper.selectBatchIds
2023-02-09 12:00:02,125 DEBUG [main][MybatisConfiguration.java:128] - addMappedStatement: com.xuecheng.media.mapper.MediaFilesMapper.selectByMap
2023-02-09 12:00:02,125 DEBUG [main][MybatisConfiguration.java:128] - addMappedStatement: com.xuecheng.media.mapper.MediaFilesMapper.selectByMap
2023-02-09 12:00:02,125 DEBUG [main][MybatisConfiguration.java:128] - addMappedStatement: com.xuecheng.media.mapper.MediaFilesMapper.selectOne
2023-02-09 12:00:02,125 DEBUG [main][MybatisConfiguration.java:128] - addMappedStatement: com.xuecheng.media.mapper.MediaFilesMapper.selectOne
2023-02-09 12:00:02,125 DEBUG [main][MybatisConfiguration.java:128] - addMappedStatement: com.xuecheng.media.mapper.MediaFilesMapper.selectCount
2023-02-09 12:00:02,125 DEBUG [main][MybatisConfiguration.java:128] - addMappedStatement: com.xuecheng.media.mapper.MediaFilesMapper.selectCount
2023-02-09 12:00:02,125 DEBUG [main][MybatisConfiguration.java:128] - addMappedStatement: com.xuecheng.media.mapper.MediaFilesMapper.selectMaps
2023-02-09 12:00:02,125 DEBUG [main][MybatisConfiguration.java:128] - addMappedStatement: com.xuecheng.media.mapper.MediaFilesMapper.selectMaps
2023-02-09 12:00:02,125 DEBUG [main][MybatisConfiguration.java:128] - addMappedStatement: com.xuecheng.media.mapper.MediaFilesMapper.selectMapsPage
2023-02-09 12:00:02,125 DEBUG [main][MybatisConfiguration.java:128] - addMappedStatement: com.xuecheng.media.mapper.MediaFilesMapper.selectMapsPage
2023-02-09 12:00:02,125 DEBUG [main][MybatisConfiguration.java:128] - addMappedStatement: com.xuecheng.media.mapper.MediaFilesMapper.selectObjs
2023-02-09 12:00:02,125 DEBUG [main][MybatisConfiguration.java:128] - addMappedStatement: com.xuecheng.media.mapper.MediaFilesMapper.selectObjs
2023-02-09 12:00:02,125 DEBUG [main][MybatisConfiguration.java:128] - addMappedStatement: com.xuecheng.media.mapper.MediaFilesMapper.selectList
2023-02-09 12:00:02,125 DEBUG [main][MybatisConfiguration.java:128] - addMappedStatement: com.xuecheng.media.mapper.MediaFilesMapper.selectList
2023-02-09 12:00:02,140 DEBUG [main][MybatisConfiguration.java:128] - addMappedStatement: com.xuecheng.media.mapper.MediaFilesMapper.selectPage
2023-02-09 12:00:02,140 DEBUG [main][MybatisConfiguration.java:128] - addMappedStatement: com.xuecheng.media.mapper.MediaFilesMapper.selectPage
2023-02-09 12:00:02,504 DEBUG [com.alibaba.nacos.naming.failover][FailoverReactor.java:147] - failover switch is not found, failover00-00---000-VIPSRV_FAILOVER_SWITCH-000---00-00
2023-02-09 12:00:02,504 DEBUG [com.alibaba.nacos.naming.failover][FailoverReactor.java:147] - failover switch is not found, failover00-00---000-VIPSRV_FAILOVER_SWITCH-000---00-00
2023-02-09 12:00:02,686 DEBUG [com.alibaba.nacos.naming.beat.sender][NamingProxy.java:421] - [BEAT] dev sending beat to server: BeatInfo{port=63010, ip='10.28.236.59', weight=1.0, serviceName='xuecheng-plus-project@@gateway', cluster='DEFAULT', metadata={preserved.register.source=SPRING_CLOUD}, scheduled=false, period=5000, stopped=false}
2023-02-09 12:00:02,686 DEBUG [com.alibaba.nacos.naming.beat.sender][NamingProxy.java:421] - [BEAT] dev sending beat to server: BeatInfo{port=63010, ip='10.28.236.59', weight=1.0, serviceName='xuecheng-plus-project@@gateway', cluster='DEFAULT', metadata={preserved.register.source=SPRING_CLOUD}, scheduled=false, period=5000, stopped=false}
2023-02-09 12:00:02,686 DEBUG [com.alibaba.nacos.naming.beat.sender][NacosRestTemplate.java:476] - HTTP method: PUT, url: http://123.57.146.121:8848/nacos/v1/ns/instance/beat?app=unknown&serviceName=xuecheng-plus-project%40%40gateway&namespaceId=dev&port=63010&clusterName=DEFAULT&ip=10.28.236.59, body: {}
2023-02-09 12:00:02,686 DEBUG [com.alibaba.nacos.naming.beat.sender][NacosRestTemplate.java:476] - HTTP method: PUT, url: http://123.57.146.121:8848/nacos/v1/ns/instance/beat?app=unknown&serviceName=xuecheng-plus-project%40%40gateway&namespaceId=dev&port=63010&clusterName=DEFAULT&ip=10.28.236.59, body: {}
2023-02-09 12:00:02,731 INFO [main][PropertySourcedRequestMappingHandlerMapping.java:69] - Mapped URL path [/v2/api-docs] onto method [springfox.documentation.swagger2.web.Swagger2Controller#getDocumentation(String, HttpServletRequest)]
2023-02-09 12:00:02,731 INFO [main][PropertySourcedRequestMappingHandlerMapping.java:69] - Mapped URL path [/v2/api-docs] onto method [springfox.documentation.swagger2.web.Swagger2Controller#getDocumentation(String, HttpServletRequest)]
2023-02-09 12:00:02,762 WARN [main][URLConfigurationSource.java:121] - No URLs will be polled as dynamic configuration sources.
2023-02-09 12:00:02,762 WARN [main][URLConfigurationSource.java:121] - No URLs will be polled as dynamic configuration sources.
2023-02-09 12:00:02,762 INFO [main][URLConfigurationSource.java:122] - To enable URLs as dynamic configuration sources, define System property archaius.configurationSource.additionalUrls or make config.properties available on classpath.
2023-02-09 12:00:02,762 INFO [main][URLConfigurationSource.java:122] - To enable URLs as dynamic configuration sources, define System property archaius.configurationSource.additionalUrls or make config.properties available on classpath.
2023-02-09 12:00:02,762 WARN [main][URLConfigurationSource.java:121] - No URLs will be polled as dynamic configuration sources.
2023-02-09 12:00:02,762 WARN [main][URLConfigurationSource.java:121] - No URLs will be polled as dynamic configuration sources.
2023-02-09 12:00:02,762 INFO [main][URLConfigurationSource.java:122] - To enable URLs as dynamic configuration sources, define System property archaius.configurationSource.additionalUrls or make config.properties available on classpath.
2023-02-09 12:00:02,762 INFO [main][URLConfigurationSource.java:122] - To enable URLs as dynamic configuration sources, define System property archaius.configurationSource.additionalUrls or make config.properties available on classpath.
2023-02-09 12:00:02,777 DEBUG [main][ResourceBundleMessageInterpolator.java:172] - Loaded expression factory via original TCCL
2023-02-09 12:00:02,777 DEBUG [main][ResourceBundleMessageInterpolator.java:172] - Loaded expression factory via original TCCL
2023-02-09 12:00:02,777 DEBUG [main][AbstractConfigurationImpl.java:171] - Setting custom MessageInterpolator of type org.springframework.validation.beanvalidation.LocaleContextMessageInterpolator
2023-02-09 12:00:02,777 DEBUG [main][AbstractConfigurationImpl.java:171] - Setting custom MessageInterpolator of type org.springframework.validation.beanvalidation.LocaleContextMessageInterpolator
2023-02-09 12:00:02,777 DEBUG [main][AbstractConfigurationImpl.java:203] - Setting custom ConstraintValidatorFactory of type org.springframework.validation.beanvalidation.SpringConstraintValidatorFactory
2023-02-09 12:00:02,777 DEBUG [main][AbstractConfigurationImpl.java:203] - Setting custom ConstraintValidatorFactory of type org.springframework.validation.beanvalidation.SpringConstraintValidatorFactory
2023-02-09 12:00:02,777 DEBUG [main][AbstractConfigurationImpl.java:217] - Setting custom ParameterNameProvider of type org.springframework.validation.beanvalidation.LocalValidatorFactoryBean$1
2023-02-09 12:00:02,777 DEBUG [main][AbstractConfigurationImpl.java:217] - Setting custom ParameterNameProvider of type org.springframework.validation.beanvalidation.LocalValidatorFactoryBean$1
2023-02-09 12:00:02,777 DEBUG [main][ValidationXmlParser.java:120] - Trying to load META-INF/validation.xml for XML based Validator configuration.
2023-02-09 12:00:02,777 DEBUG [main][ValidationXmlParser.java:120] - Trying to load META-INF/validation.xml for XML based Validator configuration.
2023-02-09 12:00:02,777 DEBUG [main][ResourceLoaderHelper.java:53] - Trying to load META-INF/validation.xml via user class loader
2023-02-09 12:00:02,777 DEBUG [main][ResourceLoaderHelper.java:53] - Trying to load META-INF/validation.xml via user class loader
2023-02-09 12:00:02,777 DEBUG [main][ResourceLoaderHelper.java:60] - Trying to load META-INF/validation.xml via TCCL
2023-02-09 12:00:02,777 DEBUG [main][ResourceLoaderHelper.java:60] - Trying to load META-INF/validation.xml via TCCL
2023-02-09 12:00:02,792 DEBUG [main][ResourceLoaderHelper.java:66] - Trying to load META-INF/validation.xml via Hibernate Validator's class loader
2023-02-09 12:00:02,792 DEBUG [main][ResourceLoaderHelper.java:66] - Trying to load META-INF/validation.xml via Hibernate Validator's class loader
2023-02-09 12:00:02,792 DEBUG [main][ValidationXmlParser.java:127] - No META-INF/validation.xml found. Using annotation based configuration only.
2023-02-09 12:00:02,792 DEBUG [main][ValidationXmlParser.java:127] - No META-INF/validation.xml found. Using annotation based configuration only.
2023-02-09 12:00:02,792 DEBUG [main][TraversableResolvers.java:60] - Cannot find javax.persistence.Persistence on classpath. Assuming non JPA 2 environment. All properties will per default be traversable.
2023-02-09 12:00:02,792 DEBUG [main][TraversableResolvers.java:60] - Cannot find javax.persistence.Persistence on classpath. Assuming non JPA 2 environment. All properties will per default be traversable.
2023-02-09 12:00:02,792 DEBUG [main][ValidatorFactoryConfigurationHelper.java:300] - HV000252: Using org.hibernate.validator.internal.engine.DefaultPropertyNodeNameProvider as property node name provider.
2023-02-09 12:00:02,792 DEBUG [main][ValidatorFactoryConfigurationHelper.java:300] - HV000252: Using org.hibernate.validator.internal.engine.DefaultPropertyNodeNameProvider as property node name provider.
2023-02-09 12:00:02,792 DEBUG [main][ValidatorFactoryConfigurationHelper.java:375] - HV000234: Using org.springframework.validation.beanvalidation.LocaleContextMessageInterpolator as ValidatorFactory-scoped message interpolator.
2023-02-09 12:00:02,792 DEBUG [main][ValidatorFactoryConfigurationHelper.java:375] - HV000234: Using org.springframework.validation.beanvalidation.LocaleContextMessageInterpolator as ValidatorFactory-scoped message interpolator.
2023-02-09 12:00:02,792 DEBUG [main][ValidatorFactoryConfigurationHelper.java:376] - HV000234: Using org.hibernate.validator.internal.engine.resolver.TraverseAllTraversableResolver as ValidatorFactory-scoped traversable resolver.
2023-02-09 12:00:02,792 DEBUG [main][ValidatorFactoryConfigurationHelper.java:376] - HV000234: Using org.hibernate.validator.internal.engine.resolver.TraverseAllTraversableResolver as ValidatorFactory-scoped traversable resolver.
2023-02-09 12:00:02,792 DEBUG [main][ValidatorFactoryConfigurationHelper.java:377] - HV000234: Using org.hibernate.validator.internal.util.ExecutableParameterNameProvider as ValidatorFactory-scoped parameter name provider.
2023-02-09 12:00:02,792 DEBUG [main][ValidatorFactoryConfigurationHelper.java:377] - HV000234: Using org.hibernate.validator.internal.util.ExecutableParameterNameProvider as ValidatorFactory-scoped parameter name provider.
2023-02-09 12:00:02,792 DEBUG [main][ValidatorFactoryConfigurationHelper.java:378] - HV000234: Using org.hibernate.validator.internal.engine.DefaultClockProvider as ValidatorFactory-scoped clock provider.
2023-02-09 12:00:02,792 DEBUG [main][ValidatorFactoryConfigurationHelper.java:378] - HV000234: Using org.hibernate.validator.internal.engine.DefaultClockProvider as ValidatorFactory-scoped clock provider.
2023-02-09 12:00:02,792 DEBUG [main][ValidatorFactoryConfigurationHelper.java:379] - HV000234: Using org.hibernate.validator.internal.engine.scripting.DefaultScriptEvaluatorFactory as ValidatorFactory-scoped script evaluator factory.
2023-02-09 12:00:02,792 DEBUG [main][ValidatorFactoryConfigurationHelper.java:379] - HV000234: Using org.hibernate.validator.internal.engine.scripting.DefaultScriptEvaluatorFactory as ValidatorFactory-scoped script evaluator factory.
2023-02-09 12:00:02,853 INFO [main][ExecutorConfigurationSupport.java:181] - Initializing ExecutorService 'applicationTaskExecutor'
2023-02-09 12:00:02,853 INFO [main][ExecutorConfigurationSupport.java:181] - Initializing ExecutorService 'applicationTaskExecutor'
2023-02-09 12:00:03,065 DEBUG [com.alibaba.nacos.naming.beat.sender][NamingProxy.java:421] - [BEAT] dev sending beat to server: BeatInfo{port=63040, ip='10.28.236.59', weight=1.0, serviceName='xuecheng-plus-project@@content-api', cluster='DEFAULT', metadata={preserved.register.source=SPRING_CLOUD}, scheduled=false, period=5000, stopped=false}
2023-02-09 12:00:03,065 DEBUG [com.alibaba.nacos.naming.beat.sender][NamingProxy.java:421] - [BEAT] dev sending beat to server: BeatInfo{port=63040, ip='10.28.236.59', weight=1.0, serviceName='xuecheng-plus-project@@content-api', cluster='DEFAULT', metadata={preserved.register.source=SPRING_CLOUD}, scheduled=false, period=5000, stopped=false}
2023-02-09 12:00:03,065 DEBUG [com.alibaba.nacos.naming.beat.sender][NacosRestTemplate.java:476] - HTTP method: PUT, url: http://123.57.146.121:8848/nacos/v1/ns/instance/beat?app=unknown&serviceName=xuecheng-plus-project%40%40content-api&namespaceId=dev&port=63040&clusterName=DEFAULT&ip=10.28.236.59, body: {}
2023-02-09 12:00:03,065 DEBUG [com.alibaba.nacos.naming.beat.sender][NacosRestTemplate.java:476] - HTTP method: PUT, url: http://123.57.146.121:8848/nacos/v1/ns/instance/beat?app=unknown&serviceName=xuecheng-plus-project%40%40content-api&namespaceId=dev&port=63040&clusterName=DEFAULT&ip=10.28.236.59, body: {}
2023-02-09 12:00:03,382 INFO [main][ExecutorConfigurationSupport.java:181] - Initializing ExecutorService 'Nacos-Watch-Task-Scheduler'
2023-02-09 12:00:03,382 INFO [main][ExecutorConfigurationSupport.java:181] - Initializing ExecutorService 'Nacos-Watch-Task-Scheduler'
2023-02-09 12:00:03,698 DEBUG [com.alibaba.nacos.naming.failover][FailoverReactor.java:147] - failover switch is not found, failover00-00---000-VIPSRV_FAILOVER_SWITCH-000---00-00
2023-02-09 12:00:03,698 DEBUG [com.alibaba.nacos.naming.failover][FailoverReactor.java:147] - failover switch is not found, failover00-00---000-VIPSRV_FAILOVER_SWITCH-000---00-00
2023-02-09 12:00:03,909 DEBUG [main][MybatisConfiguration.java:128] - addMappedStatement: com.xuecheng.media.mapper.MediaProcessHistoryMapper.insert
2023-02-09 12:00:03,909 DEBUG [main][MybatisConfiguration.java:128] - addMappedStatement: com.xuecheng.media.mapper.MediaProcessHistoryMapper.insert
2023-02-09 12:00:03,909 DEBUG [main][MybatisConfiguration.java:128] - addMappedStatement: com.xuecheng.media.mapper.MediaProcessHistoryMapper.delete
2023-02-09 12:00:03,909 DEBUG [main][MybatisConfiguration.java:128] - addMappedStatement: com.xuecheng.media.mapper.MediaProcessHistoryMapper.delete
2023-02-09 12:00:03,909 DEBUG [main][MybatisConfiguration.java:128] - addMappedStatement: com.xuecheng.media.mapper.MediaProcessHistoryMapper.deleteByMap
2023-02-09 12:00:03,909 DEBUG [main][MybatisConfiguration.java:128] - addMappedStatement: com.xuecheng.media.mapper.MediaProcessHistoryMapper.deleteByMap
2023-02-09 12:00:03,909 DEBUG [main][MybatisConfiguration.java:128] - addMappedStatement: com.xuecheng.media.mapper.MediaProcessHistoryMapper.deleteById
2023-02-09 12:00:03,909 DEBUG [main][MybatisConfiguration.java:128] - addMappedStatement: com.xuecheng.media.mapper.MediaProcessHistoryMapper.deleteById
2023-02-09 12:00:03,909 DEBUG [main][MybatisConfiguration.java:128] - addMappedStatement: com.xuecheng.media.mapper.MediaProcessHistoryMapper.deleteBatchIds
2023-02-09 12:00:03,909 DEBUG [main][MybatisConfiguration.java:128] - addMappedStatement: com.xuecheng.media.mapper.MediaProcessHistoryMapper.deleteBatchIds
2023-02-09 12:00:03,909 DEBUG [main][MybatisConfiguration.java:128] - addMappedStatement: com.xuecheng.media.mapper.MediaProcessHistoryMapper.update
2023-02-09 12:00:03,909 DEBUG [main][MybatisConfiguration.java:128] - addMappedStatement: com.xuecheng.media.mapper.MediaProcessHistoryMapper.update
2023-02-09 12:00:03,909 DEBUG [main][MybatisConfiguration.java:128] - addMappedStatement: com.xuecheng.media.mapper.MediaProcessHistoryMapper.updateById
2023-02-09 12:00:03,909 DEBUG [main][MybatisConfiguration.java:128] - addMappedStatement: com.xuecheng.media.mapper.MediaProcessHistoryMapper.updateById
2023-02-09 12:00:03,909 DEBUG [main][MybatisConfiguration.java:128] - addMappedStatement: com.xuecheng.media.mapper.MediaProcessHistoryMapper.selectById
2023-02-09 12:00:03,909 DEBUG [main][MybatisConfiguration.java:128] - addMappedStatement: com.xuecheng.media.mapper.MediaProcessHistoryMapper.selectById
2023-02-09 12:00:03,909 DEBUG [main][MybatisConfiguration.java:128] - addMappedStatement: com.xuecheng.media.mapper.MediaProcessHistoryMapper.selectBatchIds
2023-02-09 12:00:03,909 DEBUG [main][MybatisConfiguration.java:128] - addMappedStatement: com.xuecheng.media.mapper.MediaProcessHistoryMapper.selectBatchIds
2023-02-09 12:00:03,909 DEBUG [main][MybatisConfiguration.java:128] - addMappedStatement: com.xuecheng.media.mapper.MediaProcessHistoryMapper.selectByMap
2023-02-09 12:00:03,909 DEBUG [main][MybatisConfiguration.java:128] - addMappedStatement: com.xuecheng.media.mapper.MediaProcessHistoryMapper.selectByMap
2023-02-09 12:00:03,924 DEBUG [main][MybatisConfiguration.java:128] - addMappedStatement: com.xuecheng.media.mapper.MediaProcessHistoryMapper.selectOne
2023-02-09 12:00:03,924 DEBUG [main][MybatisConfiguration.java:128] - addMappedStatement: com.xuecheng.media.mapper.MediaProcessHistoryMapper.selectOne
2023-02-09 12:00:03,924 DEBUG [main][MybatisConfiguration.java:128] - addMappedStatement: com.xuecheng.media.mapper.MediaProcessHistoryMapper.selectCount
2023-02-09 12:00:03,924 DEBUG [main][MybatisConfiguration.java:128] - addMappedStatement: com.xuecheng.media.mapper.MediaProcessHistoryMapper.selectCount
2023-02-09 12:00:03,924 DEBUG [main][MybatisConfiguration.java:128] - addMappedStatement: com.xuecheng.media.mapper.MediaProcessHistoryMapper.selectMaps
2023-02-09 12:00:03,924 DEBUG [main][MybatisConfiguration.java:128] - addMappedStatement: com.xuecheng.media.mapper.MediaProcessHistoryMapper.selectMaps
2023-02-09 12:00:03,924 DEBUG [main][MybatisConfiguration.java:128] - addMappedStatement: com.xuecheng.media.mapper.MediaProcessHistoryMapper.selectMapsPage
2023-02-09 12:00:03,924 DEBUG [main][MybatisConfiguration.java:128] - addMappedStatement: com.xuecheng.media.mapper.MediaProcessHistoryMapper.selectMapsPage
2023-02-09 12:00:03,924 DEBUG [main][MybatisConfiguration.java:128] - addMappedStatement: com.xuecheng.media.mapper.MediaProcessHistoryMapper.selectObjs
2023-02-09 12:00:03,924 DEBUG [main][MybatisConfiguration.java:128] - addMappedStatement: com.xuecheng.media.mapper.MediaProcessHistoryMapper.selectObjs
2023-02-09 12:00:03,924 DEBUG [main][MybatisConfiguration.java:128] - addMappedStatement: com.xuecheng.media.mapper.MediaProcessHistoryMapper.selectList
2023-02-09 12:00:03,924 DEBUG [main][MybatisConfiguration.java:128] - addMappedStatement: com.xuecheng.media.mapper.MediaProcessHistoryMapper.selectList
2023-02-09 12:00:03,924 DEBUG [main][MybatisConfiguration.java:128] - addMappedStatement: com.xuecheng.media.mapper.MediaProcessHistoryMapper.selectPage
2023-02-09 12:00:03,924 DEBUG [main][MybatisConfiguration.java:128] - addMappedStatement: com.xuecheng.media.mapper.MediaProcessHistoryMapper.selectPage
2023-02-09 12:00:03,939 DEBUG [main][MybatisConfiguration.java:128] - addMappedStatement: com.xuecheng.media.mapper.MediaProcessMapper.insert
2023-02-09 12:00:03,939 DEBUG [main][MybatisConfiguration.java:128] - addMappedStatement: com.xuecheng.media.mapper.MediaProcessMapper.insert
2023-02-09 12:00:03,939 DEBUG [main][MybatisConfiguration.java:128] - addMappedStatement: com.xuecheng.media.mapper.MediaProcessMapper.delete
2023-02-09 12:00:03,939 DEBUG [main][MybatisConfiguration.java:128] - addMappedStatement: com.xuecheng.media.mapper.MediaProcessMapper.delete
2023-02-09 12:00:03,939 DEBUG [main][MybatisConfiguration.java:128] - addMappedStatement: com.xuecheng.media.mapper.MediaProcessMapper.deleteByMap
2023-02-09 12:00:03,939 DEBUG [main][MybatisConfiguration.java:128] - addMappedStatement: com.xuecheng.media.mapper.MediaProcessMapper.deleteByMap
2023-02-09 12:00:03,939 DEBUG [main][MybatisConfiguration.java:128] - addMappedStatement: com.xuecheng.media.mapper.MediaProcessMapper.deleteById
2023-02-09 12:00:03,939 DEBUG [main][MybatisConfiguration.java:128] - addMappedStatement: com.xuecheng.media.mapper.MediaProcessMapper.deleteById
2023-02-09 12:00:03,939 DEBUG [main][MybatisConfiguration.java:128] - addMappedStatement: com.xuecheng.media.mapper.MediaProcessMapper.deleteBatchIds
2023-02-09 12:00:03,939 DEBUG [main][MybatisConfiguration.java:128] - addMappedStatement: com.xuecheng.media.mapper.MediaProcessMapper.deleteBatchIds
2023-02-09 12:00:03,939 DEBUG [main][MybatisConfiguration.java:128] - addMappedStatement: com.xuecheng.media.mapper.MediaProcessMapper.update
2023-02-09 12:00:03,939 DEBUG [main][MybatisConfiguration.java:128] - addMappedStatement: com.xuecheng.media.mapper.MediaProcessMapper.update
2023-02-09 12:00:03,939 DEBUG [main][MybatisConfiguration.java:128] - addMappedStatement: com.xuecheng.media.mapper.MediaProcessMapper.updateById
2023-02-09 12:00:03,939 DEBUG [main][MybatisConfiguration.java:128] - addMappedStatement: com.xuecheng.media.mapper.MediaProcessMapper.updateById
2023-02-09 12:00:03,939 DEBUG [main][MybatisConfiguration.java:128] - addMappedStatement: com.xuecheng.media.mapper.MediaProcessMapper.selectById
2023-02-09 12:00:03,939 DEBUG [main][MybatisConfiguration.java:128] - addMappedStatement: com.xuecheng.media.mapper.MediaProcessMapper.selectById
2023-02-09 12:00:03,939 DEBUG [main][MybatisConfiguration.java:128] - addMappedStatement: com.xuecheng.media.mapper.MediaProcessMapper.selectBatchIds
2023-02-09 12:00:03,939 DEBUG [main][MybatisConfiguration.java:128] - addMappedStatement: com.xuecheng.media.mapper.MediaProcessMapper.selectBatchIds
2023-02-09 12:00:03,939 DEBUG [main][MybatisConfiguration.java:128] - addMappedStatement: com.xuecheng.media.mapper.MediaProcessMapper.selectByMap
2023-02-09 12:00:03,939 DEBUG [main][MybatisConfiguration.java:128] - addMappedStatement: com.xuecheng.media.mapper.MediaProcessMapper.selectByMap
2023-02-09 12:00:03,954 DEBUG [main][MybatisConfiguration.java:128] - addMappedStatement: com.xuecheng.media.mapper.MediaProcessMapper.selectOne
2023-02-09 12:00:03,954 DEBUG [main][MybatisConfiguration.java:128] - addMappedStatement: com.xuecheng.media.mapper.MediaProcessMapper.selectOne
2023-02-09 12:00:03,954 DEBUG [main][MybatisConfiguration.java:128] - addMappedStatement: com.xuecheng.media.mapper.MediaProcessMapper.selectCount
2023-02-09 12:00:03,954 DEBUG [main][MybatisConfiguration.java:128] - addMappedStatement: com.xuecheng.media.mapper.MediaProcessMapper.selectCount
2023-02-09 12:00:03,954 DEBUG [main][MybatisConfiguration.java:128] - addMappedStatement: com.xuecheng.media.mapper.MediaProcessMapper.selectMaps
2023-02-09 12:00:03,954 DEBUG [main][MybatisConfiguration.java:128] - addMappedStatement: com.xuecheng.media.mapper.MediaProcessMapper.selectMaps
2023-02-09 12:00:03,954 DEBUG [main][MybatisConfiguration.java:128] - addMappedStatement: com.xuecheng.media.mapper.MediaProcessMapper.selectMapsPage
2023-02-09 12:00:03,954 DEBUG [main][MybatisConfiguration.java:128] - addMappedStatement: com.xuecheng.media.mapper.MediaProcessMapper.selectMapsPage
2023-02-09 12:00:03,954 DEBUG [main][MybatisConfiguration.java:128] - addMappedStatement: com.xuecheng.media.mapper.MediaProcessMapper.selectObjs
2023-02-09 12:00:03,954 DEBUG [main][MybatisConfiguration.java:128] - addMappedStatement: com.xuecheng.media.mapper.MediaProcessMapper.selectObjs
2023-02-09 12:00:03,954 DEBUG [main][MybatisConfiguration.java:128] - addMappedStatement: com.xuecheng.media.mapper.MediaProcessMapper.selectList
2023-02-09 12:00:03,954 DEBUG [main][MybatisConfiguration.java:128] - addMappedStatement: com.xuecheng.media.mapper.MediaProcessMapper.selectList
2023-02-09 12:00:03,954 DEBUG [main][MybatisConfiguration.java:128] - addMappedStatement: com.xuecheng.media.mapper.MediaProcessMapper.selectPage
2023-02-09 12:00:03,954 DEBUG [main][MybatisConfiguration.java:128] - addMappedStatement: com.xuecheng.media.mapper.MediaProcessMapper.selectPage
2023-02-09 12:00:03,978 DEBUG [main][MybatisConfiguration.java:128] - addMappedStatement: com.xuecheng.media.mapper.MqMessageHistoryMapper.insert
2023-02-09 12:00:03,978 DEBUG [main][MybatisConfiguration.java:128] - addMappedStatement: com.xuecheng.media.mapper.MqMessageHistoryMapper.insert
2023-02-09 12:00:03,978 DEBUG [main][MybatisConfiguration.java:128] - addMappedStatement: com.xuecheng.media.mapper.MqMessageHistoryMapper.delete
2023-02-09 12:00:03,978 DEBUG [main][MybatisConfiguration.java:128] - addMappedStatement: com.xuecheng.media.mapper.MqMessageHistoryMapper.delete
2023-02-09 12:00:03,984 DEBUG [main][MybatisConfiguration.java:128] - addMappedStatement: com.xuecheng.media.mapper.MqMessageHistoryMapper.deleteByMap
2023-02-09 12:00:03,984 DEBUG [main][MybatisConfiguration.java:128] - addMappedStatement: com.xuecheng.media.mapper.MqMessageHistoryMapper.deleteByMap
2023-02-09 12:00:03,984 DEBUG [main][MybatisConfiguration.java:128] - addMappedStatement: com.xuecheng.media.mapper.MqMessageHistoryMapper.deleteById
2023-02-09 12:00:03,984 DEBUG [main][MybatisConfiguration.java:128] - addMappedStatement: com.xuecheng.media.mapper.MqMessageHistoryMapper.deleteById
2023-02-09 12:00:03,984 DEBUG [main][MybatisConfiguration.java:128] - addMappedStatement: com.xuecheng.media.mapper.MqMessageHistoryMapper.deleteBatchIds
2023-02-09 12:00:03,984 DEBUG [main][MybatisConfiguration.java:128] - addMappedStatement: com.xuecheng.media.mapper.MqMessageHistoryMapper.deleteBatchIds
2023-02-09 12:00:03,984 DEBUG [main][MybatisConfiguration.java:128] - addMappedStatement: com.xuecheng.media.mapper.MqMessageHistoryMapper.update
2023-02-09 12:00:03,984 DEBUG [main][MybatisConfiguration.java:128] - addMappedStatement: com.xuecheng.media.mapper.MqMessageHistoryMapper.update
2023-02-09 12:00:03,984 DEBUG [main][MybatisConfiguration.java:128] - addMappedStatement: com.xuecheng.media.mapper.MqMessageHistoryMapper.updateById
2023-02-09 12:00:03,984 DEBUG [main][MybatisConfiguration.java:128] - addMappedStatement: com.xuecheng.media.mapper.MqMessageHistoryMapper.updateById
2023-02-09 12:00:03,984 DEBUG [main][MybatisConfiguration.java:128] - addMappedStatement: com.xuecheng.media.mapper.MqMessageHistoryMapper.selectById
2023-02-09 12:00:03,984 DEBUG [main][MybatisConfiguration.java:128] - addMappedStatement: com.xuecheng.media.mapper.MqMessageHistoryMapper.selectById
2023-02-09 12:00:03,984 DEBUG [main][MybatisConfiguration.java:128] - addMappedStatement: com.xuecheng.media.mapper.MqMessageHistoryMapper.selectBatchIds
2023-02-09 12:00:03,984 DEBUG [main][MybatisConfiguration.java:128] - addMappedStatement: com.xuecheng.media.mapper.MqMessageHistoryMapper.selectBatchIds
2023-02-09 12:00:03,984 DEBUG [main][MybatisConfiguration.java:128] - addMappedStatement: com.xuecheng.media.mapper.MqMessageHistoryMapper.selectByMap
2023-02-09 12:00:03,984 DEBUG [main][MybatisConfiguration.java:128] - addMappedStatement: com.xuecheng.media.mapper.MqMessageHistoryMapper.selectByMap
2023-02-09 12:00:03,984 DEBUG [main][MybatisConfiguration.java:128] - addMappedStatement: com.xuecheng.media.mapper.MqMessageHistoryMapper.selectOne
2023-02-09 12:00:03,984 DEBUG [main][MybatisConfiguration.java:128] - addMappedStatement: com.xuecheng.media.mapper.MqMessageHistoryMapper.selectOne
2023-02-09 12:00:03,984 DEBUG [main][MybatisConfiguration.java:128] - addMappedStatement: com.xuecheng.media.mapper.MqMessageHistoryMapper.selectCount
2023-02-09 12:00:03,984 DEBUG [main][MybatisConfiguration.java:128] - addMappedStatement: com.xuecheng.media.mapper.MqMessageHistoryMapper.selectCount
2023-02-09 12:00:03,984 DEBUG [main][MybatisConfiguration.java:128] - addMappedStatement: com.xuecheng.media.mapper.MqMessageHistoryMapper.selectMaps
2023-02-09 12:00:03,984 DEBUG [main][MybatisConfiguration.java:128] - addMappedStatement: com.xuecheng.media.mapper.MqMessageHistoryMapper.selectMaps
2023-02-09 12:00:03,999 DEBUG [main][MybatisConfiguration.java:128] - addMappedStatement: com.xuecheng.media.mapper.MqMessageHistoryMapper.selectMapsPage
2023-02-09 12:00:03,999 DEBUG [main][MybatisConfiguration.java:128] - addMappedStatement: com.xuecheng.media.mapper.MqMessageHistoryMapper.selectMapsPage
2023-02-09 12:00:03,999 DEBUG [main][MybatisConfiguration.java:128] - addMappedStatement: com.xuecheng.media.mapper.MqMessageHistoryMapper.selectObjs
2023-02-09 12:00:03,999 DEBUG [main][MybatisConfiguration.java:128] - addMappedStatement: com.xuecheng.media.mapper.MqMessageHistoryMapper.selectObjs
2023-02-09 12:00:03,999 DEBUG [main][MybatisConfiguration.java:128] - addMappedStatement: com.xuecheng.media.mapper.MqMessageHistoryMapper.selectList
2023-02-09 12:00:03,999 DEBUG [main][MybatisConfiguration.java:128] - addMappedStatement: com.xuecheng.media.mapper.MqMessageHistoryMapper.selectList
2023-02-09 12:00:03,999 DEBUG [main][MybatisConfiguration.java:128] - addMappedStatement: com.xuecheng.media.mapper.MqMessageHistoryMapper.selectPage
2023-02-09 12:00:03,999 DEBUG [main][MybatisConfiguration.java:128] - addMappedStatement: com.xuecheng.media.mapper.MqMessageHistoryMapper.selectPage
2023-02-09 12:00:03,999 DEBUG [main][MybatisConfiguration.java:128] - addMappedStatement: com.xuecheng.media.mapper.MqMessageMapper.insert
2023-02-09 12:00:03,999 DEBUG [main][MybatisConfiguration.java:128] - addMappedStatement: com.xuecheng.media.mapper.MqMessageMapper.insert
2023-02-09 12:00:03,999 DEBUG [main][MybatisConfiguration.java:128] - addMappedStatement: com.xuecheng.media.mapper.MqMessageMapper.delete
2023-02-09 12:00:03,999 DEBUG [main][MybatisConfiguration.java:128] - addMappedStatement: com.xuecheng.media.mapper.MqMessageMapper.delete
2023-02-09 12:00:03,999 DEBUG [main][MybatisConfiguration.java:128] - addMappedStatement: com.xuecheng.media.mapper.MqMessageMapper.deleteByMap
2023-02-09 12:00:03,999 DEBUG [main][MybatisConfiguration.java:128] - addMappedStatement: com.xuecheng.media.mapper.MqMessageMapper.deleteByMap
2023-02-09 12:00:04,014 DEBUG [main][MybatisConfiguration.java:128] - addMappedStatement: com.xuecheng.media.mapper.MqMessageMapper.deleteById
2023-02-09 12:00:04,014 DEBUG [main][MybatisConfiguration.java:128] - addMappedStatement: com.xuecheng.media.mapper.MqMessageMapper.deleteById
2023-02-09 12:00:04,014 DEBUG [main][MybatisConfiguration.java:128] - addMappedStatement: com.xuecheng.media.mapper.MqMessageMapper.deleteBatchIds
2023-02-09 12:00:04,014 DEBUG [main][MybatisConfiguration.java:128] - addMappedStatement: com.xuecheng.media.mapper.MqMessageMapper.deleteBatchIds
2023-02-09 12:00:04,014 DEBUG [main][MybatisConfiguration.java:128] - addMappedStatement: com.xuecheng.media.mapper.MqMessageMapper.update
2023-02-09 12:00:04,014 DEBUG [main][MybatisConfiguration.java:128] - addMappedStatement: com.xuecheng.media.mapper.MqMessageMapper.update
2023-02-09 12:00:04,014 DEBUG [main][MybatisConfiguration.java:128] - addMappedStatement: com.xuecheng.media.mapper.MqMessageMapper.updateById
2023-02-09 12:00:04,014 DEBUG [main][MybatisConfiguration.java:128] - addMappedStatement: com.xuecheng.media.mapper.MqMessageMapper.updateById
2023-02-09 12:00:04,014 DEBUG [main][MybatisConfiguration.java:128] - addMappedStatement: com.xuecheng.media.mapper.MqMessageMapper.selectById
2023-02-09 12:00:04,014 DEBUG [main][MybatisConfiguration.java:128] - addMappedStatement: com.xuecheng.media.mapper.MqMessageMapper.selectById
2023-02-09 12:00:04,014 DEBUG [main][MybatisConfiguration.java:128] - addMappedStatement: com.xuecheng.media.mapper.MqMessageMapper.selectBatchIds
2023-02-09 12:00:04,014 DEBUG [main][MybatisConfiguration.java:128] - addMappedStatement: com.xuecheng.media.mapper.MqMessageMapper.selectBatchIds
2023-02-09 12:00:04,014 DEBUG [main][MybatisConfiguration.java:128] - addMappedStatement: com.xuecheng.media.mapper.MqMessageMapper.selectByMap
2023-02-09 12:00:04,014 DEBUG [main][MybatisConfiguration.java:128] - addMappedStatement: com.xuecheng.media.mapper.MqMessageMapper.selectByMap
2023-02-09 12:00:04,014 DEBUG [main][MybatisConfiguration.java:128] - addMappedStatement: com.xuecheng.media.mapper.MqMessageMapper.selectOne
2023-02-09 12:00:04,014 DEBUG [main][MybatisConfiguration.java:128] - addMappedStatement: com.xuecheng.media.mapper.MqMessageMapper.selectOne
2023-02-09 12:00:04,014 DEBUG [main][MybatisConfiguration.java:128] - addMappedStatement: com.xuecheng.media.mapper.MqMessageMapper.selectCount
2023-02-09 12:00:04,014 DEBUG [main][MybatisConfiguration.java:128] - addMappedStatement: com.xuecheng.media.mapper.MqMessageMapper.selectCount
2023-02-09 12:00:04,014 DEBUG [main][MybatisConfiguration.java:128] - addMappedStatement: com.xuecheng.media.mapper.MqMessageMapper.selectMaps
2023-02-09 12:00:04,014 DEBUG [main][MybatisConfiguration.java:128] - addMappedStatement: com.xuecheng.media.mapper.MqMessageMapper.selectMaps
2023-02-09 12:00:04,014 DEBUG [main][MybatisConfiguration.java:128] - addMappedStatement: com.xuecheng.media.mapper.MqMessageMapper.selectMapsPage
2023-02-09 12:00:04,014 DEBUG [main][MybatisConfiguration.java:128] - addMappedStatement: com.xuecheng.media.mapper.MqMessageMapper.selectMapsPage
2023-02-09 12:00:04,014 DEBUG [main][MybatisConfiguration.java:128] - addMappedStatement: com.xuecheng.media.mapper.MqMessageMapper.selectObjs
2023-02-09 12:00:04,014 DEBUG [main][MybatisConfiguration.java:128] - addMappedStatement: com.xuecheng.media.mapper.MqMessageMapper.selectObjs
2023-02-09 12:00:04,030 DEBUG [main][MybatisConfiguration.java:128] - addMappedStatement: com.xuecheng.media.mapper.MqMessageMapper.selectList
2023-02-09 12:00:04,030 DEBUG [main][MybatisConfiguration.java:128] - addMappedStatement: com.xuecheng.media.mapper.MqMessageMapper.selectList
2023-02-09 12:00:04,030 DEBUG [main][MybatisConfiguration.java:128] - addMappedStatement: com.xuecheng.media.mapper.MqMessageMapper.selectPage
2023-02-09 12:00:04,030 DEBUG [main][MybatisConfiguration.java:128] - addMappedStatement: com.xuecheng.media.mapper.MqMessageMapper.selectPage
2023-02-09 12:00:04,090 INFO [main][InitUtils.java:65] - initializer namespace from System Property :null
2023-02-09 12:00:04,090 INFO [main][InitUtils.java:65] - initializer namespace from System Property :null
2023-02-09 12:00:04,090 INFO [main][InitUtils.java:74] - initializer namespace from System Environment :null
2023-02-09 12:00:04,090 INFO [main][InitUtils.java:74] - initializer namespace from System Environment :null
2023-02-09 12:00:04,090 INFO [main][InitUtils.java:84] - initializer namespace from System Property :null
2023-02-09 12:00:04,090 INFO [main][InitUtils.java:84] - initializer namespace from System Property :null
2023-02-09 12:00:04,090 DEBUG [main][NamingProxy.java:195] - server list provided by user: [123.57.146.121:8848]
2023-02-09 12:00:04,090 DEBUG [main][NamingProxy.java:195] - server list provided by user: [123.57.146.121:8848]
2023-02-09 12:00:04,090 DEBUG [com.alibaba.nacos.client.naming.updater][NamingProxy.java:195] - server list provided by user: [123.57.146.121:8848]
2023-02-09 12:00:04,090 DEBUG [com.alibaba.nacos.client.naming.updater][NamingProxy.java:195] - server list provided by user: [123.57.146.121:8848]
2023-02-09 12:00:04,105 DEBUG [com.alibaba.nacos.naming.failover][FailoverReactor.java:147] - failover switch is not found, failover00-00---000-VIPSRV_FAILOVER_SWITCH-000---00-00
2023-02-09 12:00:04,105 DEBUG [com.alibaba.nacos.naming.failover][FailoverReactor.java:147] - failover switch is not found, failover00-00---000-VIPSRV_FAILOVER_SWITCH-000---00-00
2023-02-09 12:00:04,105 DEBUG [main][HostReactor.java:306] - failover-mode: false
2023-02-09 12:00:04,105 DEBUG [main][HostReactor.java:306] - failover-mode: false
2023-02-09 12:00:04,105 DEBUG [main][NacosRestTemplate.java:476] - HTTP method: GET, url: http://123.57.146.121:8848/nacos/v1/ns/instance/list?app=unknown&healthyOnly=false&namespaceId=dev&clientIP=10.28.236.59&serviceName=xuecheng-plus-project%40%40media-api&udpPort=63367&clusters=DEFAULT, body: {}
2023-02-09 12:00:04,105 DEBUG [main][NacosRestTemplate.java:476] - HTTP method: GET, url: http://123.57.146.121:8848/nacos/v1/ns/instance/list?app=unknown&healthyOnly=false&namespaceId=dev&clientIP=10.28.236.59&serviceName=xuecheng-plus-project%40%40media-api&udpPort=63367&clusters=DEFAULT, body: {}
2023-02-09 12:00:04,181 INFO [main][DirectJDKLog.java:173] - Starting ProtocolHandler ["http-nio-63050"]
2023-02-09 12:00:04,181 INFO [main][DirectJDKLog.java:173] - Starting ProtocolHandler ["http-nio-63050"]
2023-02-09 12:00:04,196 INFO [main][TomcatWebServer.java:220] - Tomcat started on port(s): 63050 (http) with context path '/media'
2023-02-09 12:00:04,196 INFO [main][TomcatWebServer.java:220] - Tomcat started on port(s): 63050 (http) with context path '/media'
2023-02-09 12:00:04,211 INFO [main][BeatReactor.java:81] - [BEAT] adding beat: BeatInfo{port=63050, ip='10.28.236.59', weight=1.0, serviceName='xuecheng-plus-project@@media-api', cluster='DEFAULT', metadata={preserved.register.source=SPRING_CLOUD}, scheduled=false, period=5000, stopped=false} to beat map.
2023-02-09 12:00:04,211 INFO [main][BeatReactor.java:81] - [BEAT] adding beat: BeatInfo{port=63050, ip='10.28.236.59', weight=1.0, serviceName='xuecheng-plus-project@@media-api', cluster='DEFAULT', metadata={preserved.register.source=SPRING_CLOUD}, scheduled=false, period=5000, stopped=false} to beat map.
2023-02-09 12:00:04,211 INFO [main][NamingProxy.java:230] - [REGISTER-SERVICE] dev registering service xuecheng-plus-project@@media-api with instance: Instance{instanceId='null', ip='10.28.236.59', port=63050, weight=1.0, healthy=true, enabled=true, ephemeral=true, clusterName='DEFAULT', serviceName='null', metadata={preserved.register.source=SPRING_CLOUD}}
2023-02-09 12:00:04,211 INFO [main][NamingProxy.java:230] - [REGISTER-SERVICE] dev registering service xuecheng-plus-project@@media-api with instance: Instance{instanceId='null', ip='10.28.236.59', port=63050, weight=1.0, healthy=true, enabled=true, ephemeral=true, clusterName='DEFAULT', serviceName='null', metadata={preserved.register.source=SPRING_CLOUD}}
2023-02-09 12:00:04,211 DEBUG [main][NacosRestTemplate.java:476] - HTTP method: POST, url: http://123.57.146.121:8848/nacos/v1/ns/instance?app=unknown&groupName=xuecheng-plus-project&metadata=%7B%22preserved.register.source%22%3A%22SPRING_CLOUD%22%7D&namespaceId=dev&port=63050&enable=true&healthy=true&clusterName=DEFAULT&ip=10.28.236.59&weight=1.0&ephemeral=true&serviceName=xuecheng-plus-project%40%40media-api, body: {}
2023-02-09 12:00:04,211 DEBUG [main][NacosRestTemplate.java:476] - HTTP method: POST, url: http://123.57.146.121:8848/nacos/v1/ns/instance?app=unknown&groupName=xuecheng-plus-project&metadata=%7B%22preserved.register.source%22%3A%22SPRING_CLOUD%22%7D&namespaceId=dev&port=63050&enable=true&healthy=true&clusterName=DEFAULT&ip=10.28.236.59&weight=1.0&ephemeral=true&serviceName=xuecheng-plus-project%40%40media-api, body: {}
2023-02-09 12:00:04,211 INFO [main][NacosServiceRegistry.java:75] - nacos registry, xuecheng-plus-project media-api 10.28.236.59:63050 register finished
2023-02-09 12:00:04,211 INFO [main][NacosServiceRegistry.java:75] - nacos registry, xuecheng-plus-project media-api 10.28.236.59:63050 register finished
